2021-09-03 08:05:32,732 [Worker-8: Loading available Gradle versions] INFO  o.e.b.c.i.u.g.PublishedGradleVersions - Gradle version information cache is up-to-date. Trying to read.
2021-09-03 08:07:16,989 [Worker-29: Importing Maven projects] INFO  o.e.m.c.i.l.LifecycleMappingFactory - Using org.eclipse.m2e.jdt.JarLifecycleMapping lifecycle mapping for MavenProject: br.edu.ufcg.ccc:submission:1.0 @ C:\Users\erick\OneDrive\햞ea de Trabalho\CC\LEDA roteiros\R07-02\R07-02-Rot-TabelaHash-environment\pom.xml.
2021-09-03 08:07:17,182 [Worker-29: Importing Maven projects] INFO  o.e.m.j.i.AbstractJavaProjectConfigurator - Adding source folder /R07-02-Rot-TabelaHash-environment/src/main/java
2021-09-03 08:07:17,183 [Worker-29: Importing Maven projects] INFO  o.e.m.j.i.AbstractJavaProjectConfigurator - Adding source folder /R07-02-Rot-TabelaHash-environment/src/test/java
2021-09-03 08:07:17,846 [Worker-29: Importing Maven projects] INFO  o.e.m.c.i.p.ProjectConfigurationManager - Imported and configured 1 project(s) in 2 sec
2021-09-03 08:07:18,586 [Worker-23: Building] WARN  o.e.m.c.i.embedder.EclipseLogger - Using platform encoding (Cp1252 actually) to copy filtered resources, i.e. build is platform dependent!
2021-09-03 08:07:18,587 [Worker-23: Building] INFO  o.e.m.c.i.embedder.EclipseLogger - skip non existing resourceDirectory C:\Users\erick\OneDrive\햞ea de Trabalho\CC\LEDA roteiros\R07-02\R07-02-Rot-TabelaHash-environment\src\main\resources
2021-09-03 08:07:18,589 [Worker-23: Building] WARN  o.e.m.c.i.embedder.EclipseLogger - Using platform encoding (Cp1252 actually) to copy filtered resources, i.e. build is platform dependent!
2021-09-03 08:07:18,590 [Worker-23: Building] INFO  o.e.m.c.i.embedder.EclipseLogger - skip non existing resourceDirectory C:\Users\erick\OneDrive\햞ea de Trabalho\CC\LEDA roteiros\R07-02\R07-02-Rot-TabelaHash-environment\src\test\resources
2021-09-03 08:07:38,874 [Worker-31: Building] WARN  o.e.m.c.i.embedder.EclipseLogger - Using platform encoding (Cp1252 actually) to copy filtered resources, i.e. build is platform dependent!
2021-09-03 08:07:38,874 [Worker-31: Building] INFO  o.e.m.c.i.embedder.EclipseLogger - skip non existing resourceDirectory C:\Users\erick\OneDrive\햞ea de Trabalho\CC\LEDA roteiros\R07-02\R07-02-Rot-TabelaHash-environment\src\main\resources
2021-09-03 08:07:38,875 [Worker-31: Building] WARN  o.e.m.c.i.embedder.EclipseLogger - Using platform encoding (Cp1252 actually) to copy filtered resources, i.e. build is platform dependent!
2021-09-03 08:07:38,876 [Worker-31: Building] INFO  o.e.m.c.i.embedder.EclipseLogger - skip non existing resourceDirectory C:\Users\erick\OneDrive\햞ea de Trabalho\CC\LEDA roteiros\R07-02\R07-02-Rot-TabelaHash-environment\src\test\resources
2021-09-03 08:08:01,078 [Worker-30: Building] WARN  o.e.m.c.i.embedder.EclipseLogger - Using platform encoding (Cp1252 actually) to copy filtered resources, i.e. build is platform dependent!
2021-09-03 08:08:01,079 [Worker-30: Building] INFO  o.e.m.c.i.embedder.EclipseLogger - skip non existing resourceDirectory C:\Users\erick\OneDrive\햞ea de Trabalho\CC\LEDA roteiros\R07-02\R07-02-Rot-TabelaHash-environment\src\main\resources
2021-09-03 08:08:01,080 [Worker-30: Building] WARN  o.e.m.c.i.embedder.EclipseLogger - Using platform encoding (Cp1252 actually) to copy filtered resources, i.e. build is platform dependent!
2021-09-03 08:08:01,081 [Worker-30: Building] INFO  o.e.m.c.i.embedder.EclipseLogger - skip non existing resourceDirectory C:\Users\erick\OneDrive\햞ea de Trabalho\CC\LEDA roteiros\R07-02\R07-02-Rot-TabelaHash-environment\src\test\resources
2021-09-03 08:08:26,405 [Worker-21: Building] WARN  o.e.m.c.i.embedder.EclipseLogger - Using platform encoding (Cp1252 actually) to copy filtered resources, i.e. build is platform dependent!
2021-09-03 08:08:26,405 [Worker-21: Building] INFO  o.e.m.c.i.embedder.EclipseLogger - skip non existing resourceDirectory C:\Users\erick\OneDrive\햞ea de Trabalho\CC\LEDA roteiros\R07-02\R07-02-Rot-TabelaHash-environment\src\main\resources
2021-09-03 08:08:26,406 [Worker-21: Building] WARN  o.e.m.c.i.embedder.EclipseLogger - Using platform encoding (Cp1252 actually) to copy filtered resources, i.e. build is platform dependent!
2021-09-03 08:08:26,407 [Worker-21: Building] INFO  o.e.m.c.i.embedder.EclipseLogger - skip non existing resourceDirectory C:\Users\erick\OneDrive\햞ea de Trabalho\CC\LEDA roteiros\R07-02\R07-02-Rot-TabelaHash-environment\src\test\resources
2021-09-03 08:08:49,603 [Worker-29: Building] WARN  o.e.m.c.i.embedder.EclipseLogger - Using platform encoding (Cp1252 actually) to copy filtered resources, i.e. build is platform dependent!
2021-09-03 08:08:49,604 [Worker-29: Building] INFO  o.e.m.c.i.embedder.EclipseLogger - skip non existing resourceDirectory C:\Users\erick\OneDrive\햞ea de Trabalho\CC\LEDA roteiros\R07-02\R07-02-Rot-TabelaHash-environment\src\main\resources
2021-09-03 08:08:49,605 [Worker-29: Building] WARN  o.e.m.c.i.embedder.EclipseLogger - Using platform encoding (Cp1252 actually) to copy filtered resources, i.e. build is platform dependent!
2021-09-03 08:08:49,606 [Worker-29: Building] INFO  o.e.m.c.i.embedder.EclipseLogger - skip non existing resourceDirectory C:\Users\erick\OneDrive\햞ea de Trabalho\CC\LEDA roteiros\R07-02\R07-02-Rot-TabelaHash-environment\src\test\resources
2021-09-03 08:09:23,350 [Worker-29: Building] WARN  o.e.m.c.i.embedder.EclipseLogger - Using platform encoding (Cp1252 actually) to copy filtered resources, i.e. build is platform dependent!
2021-09-03 08:09:23,351 [Worker-29: Building] INFO  o.e.m.c.i.embedder.EclipseLogger - skip non existing resourceDirectory C:\Users\erick\OneDrive\햞ea de Trabalho\CC\LEDA roteiros\R07-02\R07-02-Rot-TabelaHash-environment\src\main\resources
2021-09-03 08:09:23,352 [Worker-29: Building] WARN  o.e.m.c.i.embedder.EclipseLogger - Using platform encoding (Cp1252 actually) to copy filtered resources, i.e. build is platform dependent!
2021-09-03 08:09:23,352 [Worker-29: Building] INFO  o.e.m.c.i.embedder.EclipseLogger - skip non existing resourceDirectory C:\Users\erick\OneDrive\햞ea de Trabalho\CC\LEDA roteiros\R07-02\R07-02-Rot-TabelaHash-environment\src\test\resources
2021-09-03 08:09:39,724 [Worker-23: Building] WARN  o.e.m.c.i.embedder.EclipseLogger - Using platform encoding (Cp1252 actually) to copy filtered resources, i.e. build is platform dependent!
2021-09-03 08:09:39,724 [Worker-23: Building] INFO  o.e.m.c.i.embedder.EclipseLogger - skip non existing resourceDirectory C:\Users\erick\OneDrive\햞ea de Trabalho\CC\LEDA roteiros\R07-02\R07-02-Rot-TabelaHash-environment\src\main\resources
2021-09-03 08:09:39,725 [Worker-23: Building] WARN  o.e.m.c.i.embedder.EclipseLogger - Using platform encoding (Cp1252 actually) to copy filtered resources, i.e. build is platform dependent!
2021-09-03 08:09:39,726 [Worker-23: Building] INFO  o.e.m.c.i.embedder.EclipseLogger - skip non existing resourceDirectory C:\Users\erick\OneDrive\햞ea de Trabalho\CC\LEDA roteiros\R07-02\R07-02-Rot-TabelaHash-environment\src\test\resources
2021-09-03 08:09:48,187 [Worker-29: Building] WARN  o.e.m.c.i.embedder.EclipseLogger - Using platform encoding (Cp1252 actually) to copy filtered resources, i.e. build is platform dependent!
2021-09-03 08:09:48,188 [Worker-29: Building] INFO  o.e.m.c.i.embedder.EclipseLogger - skip non existing resourceDirectory C:\Users\erick\OneDrive\햞ea de Trabalho\CC\LEDA roteiros\R07-02\R07-02-Rot-TabelaHash-environment\src\main\resources
2021-09-03 08:09:48,192 [Worker-29: Building] WARN  o.e.m.c.i.embedder.EclipseLogger - Using platform encoding (Cp1252 actually) to copy filtered resources, i.e. build is platform dependent!
2021-09-03 08:09:48,192 [Worker-29: Building] INFO  o.e.m.c.i.embedder.EclipseLogger - skip non existing resourceDirectory C:\Users\erick\OneDrive\햞ea de Trabalho\CC\LEDA roteiros\R07-02\R07-02-Rot-TabelaHash-environment\src\test\resources
2021-09-03 08:11:37,371 [Worker-31: Building] WARN  o.e.m.c.i.embedder.EclipseLogger - Using platform encoding (Cp1252 actually) to copy filtered resources, i.e. build is platform dependent!
2021-09-03 08:11:37,372 [Worker-31: Building] INFO  o.e.m.c.i.embedder.EclipseLogger - skip non existing resourceDirectory C:\Users\erick\OneDrive\햞ea de Trabalho\CC\LEDA roteiros\R07-02\R07-02-Rot-TabelaHash-environment\src\main\resources
2021-09-03 08:11:37,373 [Worker-31: Building] WARN  o.e.m.c.i.embedder.EclipseLogger - Using platform encoding (Cp1252 actually) to copy filtered resources, i.e. build is platform dependent!
2021-09-03 08:11:37,374 [Worker-31: Building] INFO  o.e.m.c.i.embedder.EclipseLogger - skip non existing resourceDirectory C:\Users\erick\OneDrive\햞ea de Trabalho\CC\LEDA roteiros\R07-02\R07-02-Rot-TabelaHash-environment\src\test\resources
2021-09-03 08:15:59,478 [Worker-31: Building] WARN  o.e.m.c.i.embedder.EclipseLogger - Using platform encoding (Cp1252 actually) to copy filtered resources, i.e. build is platform dependent!
2021-09-03 08:15:59,479 [Worker-31: Building] INFO  o.e.m.c.i.embedder.EclipseLogger - skip non existing resourceDirectory C:\Users\erick\OneDrive\햞ea de Trabalho\CC\LEDA roteiros\R07-02\R07-02-Rot-TabelaHash-environment\src\main\resources
2021-09-03 08:15:59,479 [Worker-31: Building] WARN  o.e.m.c.i.embedder.EclipseLogger - Using platform encoding (Cp1252 actually) to copy filtered resources, i.e. build is platform dependent!
2021-09-03 08:15:59,480 [Worker-31: Building] INFO  o.e.m.c.i.embedder.EclipseLogger - skip non existing resourceDirectory C:\Users\erick\OneDrive\햞ea de Trabalho\CC\LEDA roteiros\R07-02\R07-02-Rot-TabelaHash-environment\src\test\resources
2021-09-03 08:16:41,834 [Worker-34: Building] WARN  o.e.m.c.i.embedder.EclipseLogger - Using platform encoding (Cp1252 actually) to copy filtered resources, i.e. build is platform dependent!
2021-09-03 08:16:41,835 [Worker-34: Building] INFO  o.e.m.c.i.embedder.EclipseLogger - skip non existing resourceDirectory C:\Users\erick\OneDrive\햞ea de Trabalho\CC\LEDA roteiros\R07-02\R07-02-Rot-TabelaHash-environment\src\main\resources
2021-09-03 08:16:41,835 [Worker-34: Building] WARN  o.e.m.c.i.embedder.EclipseLogger - Using platform encoding (Cp1252 actually) to copy filtered resources, i.e. build is platform dependent!
2021-09-03 08:16:41,836 [Worker-34: Building] INFO  o.e.m.c.i.embedder.EclipseLogger - skip non existing resourceDirectory C:\Users\erick\OneDrive\햞ea de Trabalho\CC\LEDA roteiros\R07-02\R07-02-Rot-TabelaHash-environment\src\test\resources
2021-09-03 08:16:45,283 [Worker-32: Building] WARN  o.e.m.c.i.embedder.EclipseLogger - Using platform encoding (Cp1252 actually) to copy filtered resources, i.e. build is platform dependent!
2021-09-03 08:16:45,283 [Worker-32: Building] INFO  o.e.m.c.i.embedder.EclipseLogger - skip non existing resourceDirectory C:\Users\erick\OneDrive\햞ea de Trabalho\CC\LEDA roteiros\R07-02\R07-02-Rot-TabelaHash-environment\src\main\resources
2021-09-03 08:16:45,284 [Worker-32: Building] WARN  o.e.m.c.i.embedder.EclipseLogger - Using platform encoding (Cp1252 actually) to copy filtered resources, i.e. build is platform dependent!
2021-09-03 08:16:45,285 [Worker-32: Building] INFO  o.e.m.c.i.embedder.EclipseLogger - skip non existing resourceDirectory C:\Users\erick\OneDrive\햞ea de Trabalho\CC\LEDA roteiros\R07-02\R07-02-Rot-TabelaHash-environment\src\test\resources
2021-09-03 08:17:54,800 [Worker-32: Building] WARN  o.e.m.c.i.embedder.EclipseLogger - Using platform encoding (Cp1252 actually) to copy filtered resources, i.e. build is platform dependent!
2021-09-03 08:17:54,801 [Worker-32: Building] INFO  o.e.m.c.i.embedder.EclipseLogger - skip non existing resourceDirectory C:\Users\erick\OneDrive\햞ea de Trabalho\CC\LEDA roteiros\R07-02\R07-02-Rot-TabelaHash-environment\src\main\resources
2021-09-03 08:17:54,801 [Worker-32: Building] WARN  o.e.m.c.i.embedder.EclipseLogger - Using platform encoding (Cp1252 actually) to copy filtered resources, i.e. build is platform dependent!
2021-09-03 08:17:54,802 [Worker-32: Building] INFO  o.e.m.c.i.embedder.EclipseLogger - skip non existing resourceDirectory C:\Users\erick\OneDrive\햞ea de Trabalho\CC\LEDA roteiros\R07-02\R07-02-Rot-TabelaHash-environment\src\test\resources
2021-09-03 08:18:26,544 [Worker-34: Building] WARN  o.e.m.c.i.embedder.EclipseLogger - Using platform encoding (Cp1252 actually) to copy filtered resources, i.e. build is platform dependent!
2021-09-03 08:18:26,545 [Worker-34: Building] INFO  o.e.m.c.i.embedder.EclipseLogger - skip non existing resourceDirectory C:\Users\erick\OneDrive\햞ea de Trabalho\CC\LEDA roteiros\R07-02\R07-02-Rot-TabelaHash-environment\src\main\resources
2021-09-03 08:18:26,546 [Worker-34: Building] WARN  o.e.m.c.i.embedder.EclipseLogger - Using platform encoding (Cp1252 actually) to copy filtered resources, i.e. build is platform dependent!
2021-09-03 08:18:26,546 [Worker-34: Building] INFO  o.e.m.c.i.embedder.EclipseLogger - skip non existing resourceDirectory C:\Users\erick\OneDrive\햞ea de Trabalho\CC\LEDA roteiros\R07-02\R07-02-Rot-TabelaHash-environment\src\test\resources
2021-09-03 08:19:10,193 [Worker-34: Building] WARN  o.e.m.c.i.embedder.EclipseLogger - Using platform encoding (Cp1252 actually) to copy filtered resources, i.e. build is platform dependent!
2021-09-03 08:19:10,194 [Worker-34: Building] INFO  o.e.m.c.i.embedder.EclipseLogger - skip non existing resourceDirectory C:\Users\erick\OneDrive\햞ea de Trabalho\CC\LEDA roteiros\R07-02\R07-02-Rot-TabelaHash-environment\src\main\resources
2021-09-03 08:19:10,194 [Worker-34: Building] WARN  o.e.m.c.i.embedder.EclipseLogger - Using platform encoding (Cp1252 actually) to copy filtered resources, i.e. build is platform dependent!
2021-09-03 08:19:10,195 [Worker-34: Building] INFO  o.e.m.c.i.embedder.EclipseLogger - skip non existing resourceDirectory C:\Users\erick\OneDrive\햞ea de Trabalho\CC\LEDA roteiros\R07-02\R07-02-Rot-TabelaHash-environment\src\test\resources
2021-09-03 08:25:15,597 [Worker-29: Building] WARN  o.e.m.c.i.embedder.EclipseLogger - Using platform encoding (Cp1252 actually) to copy filtered resources, i.e. build is platform dependent!
2021-09-03 08:25:15,598 [Worker-29: Building] INFO  o.e.m.c.i.embedder.EclipseLogger - skip non existing resourceDirectory C:\Users\erick\OneDrive\햞ea de Trabalho\CC\LEDA roteiros\R07-02\R07-02-Rot-TabelaHash-environment\src\main\resources
2021-09-03 08:25:15,600 [Worker-29: Building] WARN  o.e.m.c.i.embedder.EclipseLogger - Using platform encoding (Cp1252 actually) to copy filtered resources, i.e. build is platform dependent!
2021-09-03 08:25:15,600 [Worker-29: Building] INFO  o.e.m.c.i.embedder.EclipseLogger - skip non existing resourceDirectory C:\Users\erick\OneDrive\햞ea de Trabalho\CC\LEDA roteiros\R07-02\R07-02-Rot-TabelaHash-environment\src\test\resources
2021-09-03 08:27:49,220 [Worker-37: Building] WARN  o.e.m.c.i.embedder.EclipseLogger - Using platform encoding (Cp1252 actually) to copy filtered resources, i.e. build is platform dependent!
2021-09-03 08:27:49,221 [Worker-37: Building] INFO  o.e.m.c.i.embedder.EclipseLogger - skip non existing resourceDirectory C:\Users\erick\OneDrive\햞ea de Trabalho\CC\LEDA roteiros\R07-02\R07-02-Rot-TabelaHash-environment\src\main\resources
2021-09-03 08:27:49,223 [Worker-37: Building] WARN  o.e.m.c.i.embedder.EclipseLogger - Using platform encoding (Cp1252 actually) to copy filtered resources, i.e. build is platform dependent!
2021-09-03 08:27:49,223 [Worker-37: Building] INFO  o.e.m.c.i.embedder.EclipseLogger - skip non existing resourceDirectory C:\Users\erick\OneDrive\햞ea de Trabalho\CC\LEDA roteiros\R07-02\R07-02-Rot-TabelaHash-environment\src\test\resources
2021-09-03 08:27:53,886 [Worker-39: Building] WARN  o.e.m.c.i.embedder.EclipseLogger - Using platform encoding (Cp1252 actually) to copy filtered resources, i.e. build is platform dependent!
2021-09-03 08:27:53,886 [Worker-39: Building] INFO  o.e.m.c.i.embedder.EclipseLogger - skip non existing resourceDirectory C:\Users\erick\OneDrive\햞ea de Trabalho\CC\LEDA roteiros\R07-02\R07-02-Rot-TabelaHash-environment\src\main\resources
2021-09-03 08:27:53,887 [Worker-39: Building] WARN  o.e.m.c.i.embedder.EclipseLogger - Using platform encoding (Cp1252 actually) to copy filtered resources, i.e. build is platform dependent!
2021-09-03 08:27:53,887 [Worker-39: Building] INFO  o.e.m.c.i.embedder.EclipseLogger - skip non existing resourceDirectory C:\Users\erick\OneDrive\햞ea de Trabalho\CC\LEDA roteiros\R07-02\R07-02-Rot-TabelaHash-environment\src\test\resources
2021-09-03 08:27:59,161 [Worker-37: Building] WARN  o.e.m.c.i.embedder.EclipseLogger - Using platform encoding (Cp1252 actually) to copy filtered resources, i.e. build is platform dependent!
2021-09-03 08:27:59,162 [Worker-37: Building] INFO  o.e.m.c.i.embedder.EclipseLogger - skip non existing resourceDirectory C:\Users\erick\OneDrive\햞ea de Trabalho\CC\LEDA roteiros\R07-02\R07-02-Rot-TabelaHash-environment\src\main\resources
2021-09-03 08:27:59,163 [Worker-37: Building] WARN  o.e.m.c.i.embedder.EclipseLogger - Using platform encoding (Cp1252 actually) to copy filtered resources, i.e. build is platform dependent!
2021-09-03 08:27:59,163 [Worker-37: Building] INFO  o.e.m.c.i.embedder.EclipseLogger - skip non existing resourceDirectory C:\Users\erick\OneDrive\햞ea de Trabalho\CC\LEDA roteiros\R07-02\R07-02-Rot-TabelaHash-environment\src\test\resources
2021-09-03 08:28:51,326 [Worker-34: Building] WARN  o.e.m.c.i.embedder.EclipseLogger - Using platform encoding (Cp1252 actually) to copy filtered resources, i.e. build is platform dependent!
2021-09-03 08:28:51,327 [Worker-34: Building] INFO  o.e.m.c.i.embedder.EclipseLogger - skip non existing resourceDirectory C:\Users\erick\OneDrive\햞ea de Trabalho\CC\LEDA roteiros\R07-02\R07-02-Rot-TabelaHash-environment\src\main\resources
2021-09-03 08:28:51,328 [Worker-34: Building] WARN  o.e.m.c.i.embedder.EclipseLogger - Using platform encoding (Cp1252 actually) to copy filtered resources, i.e. build is platform dependent!
2021-09-03 08:28:51,328 [Worker-34: Building] INFO  o.e.m.c.i.embedder.EclipseLogger - skip non existing resourceDirectory C:\Users\erick\OneDrive\햞ea de Trabalho\CC\LEDA roteiros\R07-02\R07-02-Rot-TabelaHash-environment\src\test\resources
2021-09-03 08:29:14,045 [Worker-42: Building] WARN  o.e.m.c.i.embedder.EclipseLogger - Using platform encoding (Cp1252 actually) to copy filtered resources, i.e. build is platform dependent!
2021-09-03 08:29:14,046 [Worker-42: Building] INFO  o.e.m.c.i.embedder.EclipseLogger - skip non existing resourceDirectory C:\Users\erick\OneDrive\햞ea de Trabalho\CC\LEDA roteiros\R07-02\R07-02-Rot-TabelaHash-environment\src\main\resources
2021-09-03 08:29:14,047 [Worker-42: Building] WARN  o.e.m.c.i.embedder.EclipseLogger - Using platform encoding (Cp1252 actually) to copy filtered resources, i.e. build is platform dependent!
2021-09-03 08:29:14,048 [Worker-42: Building] INFO  o.e.m.c.i.embedder.EclipseLogger - skip non existing resourceDirectory C:\Users\erick\OneDrive\햞ea de Trabalho\CC\LEDA roteiros\R07-02\R07-02-Rot-TabelaHash-environment\src\test\resources
2021-09-03 08:29:19,302 [Worker-41: Building] WARN  o.e.m.c.i.embedder.EclipseLogger - Using platform encoding (Cp1252 actually) to copy filtered resources, i.e. build is platform dependent!
2021-09-03 08:29:19,303 [Worker-41: Building] INFO  o.e.m.c.i.embedder.EclipseLogger - skip non existing resourceDirectory C:\Users\erick\OneDrive\햞ea de Trabalho\CC\LEDA roteiros\R07-02\R07-02-Rot-TabelaHash-environment\src\main\resources
2021-09-03 08:29:19,304 [Worker-41: Building] WARN  o.e.m.c.i.embedder.EclipseLogger - Using platform encoding (Cp1252 actually) to copy filtered resources, i.e. build is platform dependent!
2021-09-03 08:29:19,304 [Worker-41: Building] INFO  o.e.m.c.i.embedder.EclipseLogger - skip non existing resourceDirectory C:\Users\erick\OneDrive\햞ea de Trabalho\CC\LEDA roteiros\R07-02\R07-02-Rot-TabelaHash-environment\src\test\resources
2021-09-03 08:29:53,447 [Worker-34: Building] WARN  o.e.m.c.i.embedder.EclipseLogger - Using platform encoding (Cp1252 actually) to copy filtered resources, i.e. build is platform dependent!
2021-09-03 08:29:53,447 [Worker-34: Building] INFO  o.e.m.c.i.embedder.EclipseLogger - skip non existing resourceDirectory C:\Users\erick\OneDrive\햞ea de Trabalho\CC\LEDA roteiros\R07-02\R07-02-Rot-TabelaHash-environment\src\main\resources
2021-09-03 08:29:53,448 [Worker-34: Building] WARN  o.e.m.c.i.embedder.EclipseLogger - Using platform encoding (Cp1252 actually) to copy filtered resources, i.e. build is platform dependent!
2021-09-03 08:29:53,449 [Worker-34: Building] INFO  o.e.m.c.i.embedder.EclipseLogger - skip non existing resourceDirectory C:\Users\erick\OneDrive\햞ea de Trabalho\CC\LEDA roteiros\R07-02\R07-02-Rot-TabelaHash-environment\src\test\resources
2021-09-03 08:32:44,332 [Worker-41: Building] WARN  o.e.m.c.i.embedder.EclipseLogger - Using platform encoding (Cp1252 actually) to copy filtered resources, i.e. build is platform dependent!
2021-09-03 08:32:44,333 [Worker-41: Building] INFO  o.e.m.c.i.embedder.EclipseLogger - skip non existing resourceDirectory C:\Users\erick\OneDrive\햞ea de Trabalho\CC\LEDA roteiros\R07-02\R07-02-Rot-TabelaHash-environment\src\main\resources
2021-09-03 08:32:44,333 [Worker-41: Building] WARN  o.e.m.c.i.embedder.EclipseLogger - Using platform encoding (Cp1252 actually) to copy filtered resources, i.e. build is platform dependent!
2021-09-03 08:32:44,334 [Worker-41: Building] INFO  o.e.m.c.i.embedder.EclipseLogger - skip non existing resourceDirectory C:\Users\erick\OneDrive\햞ea de Trabalho\CC\LEDA roteiros\R07-02\R07-02-Rot-TabelaHash-environment\src\test\resources
2021-09-03 08:32:56,613 [Worker-43: Building] WARN  o.e.m.c.i.embedder.EclipseLogger - Using platform encoding (Cp1252 actually) to copy filtered resources, i.e. build is platform dependent!
2021-09-03 08:32:56,614 [Worker-43: Building] INFO  o.e.m.c.i.embedder.EclipseLogger - skip non existing resourceDirectory C:\Users\erick\OneDrive\햞ea de Trabalho\CC\LEDA roteiros\R07-02\R07-02-Rot-TabelaHash-environment\src\main\resources
2021-09-03 08:32:56,615 [Worker-43: Building] WARN  o.e.m.c.i.embedder.EclipseLogger - Using platform encoding (Cp1252 actually) to copy filtered resources, i.e. build is platform dependent!
2021-09-03 08:32:56,615 [Worker-43: Building] INFO  o.e.m.c.i.embedder.EclipseLogger - skip non existing resourceDirectory C:\Users\erick\OneDrive\햞ea de Trabalho\CC\LEDA roteiros\R07-02\R07-02-Rot-TabelaHash-environment\src\test\resources
2021-09-03 08:33:04,874 [Worker-34: Building] WARN  o.e.m.c.i.embedder.EclipseLogger - Using platform encoding (Cp1252 actually) to copy filtered resources, i.e. build is platform dependent!
2021-09-03 08:33:04,875 [Worker-34: Building] INFO  o.e.m.c.i.embedder.EclipseLogger - skip non existing resourceDirectory C:\Users\erick\OneDrive\햞ea de Trabalho\CC\LEDA roteiros\R07-02\R07-02-Rot-TabelaHash-environment\src\main\resources
2021-09-03 08:33:04,875 [Worker-34: Building] WARN  o.e.m.c.i.embedder.EclipseLogger - Using platform encoding (Cp1252 actually) to copy filtered resources, i.e. build is platform dependent!
2021-09-03 08:33:04,876 [Worker-34: Building] INFO  o.e.m.c.i.embedder.EclipseLogger - skip non existing resourceDirectory C:\Users\erick\OneDrive\햞ea de Trabalho\CC\LEDA roteiros\R07-02\R07-02-Rot-TabelaHash-environment\src\test\resources
2021-09-03 08:33:12,957 [Worker-34: Building] WARN  o.e.m.c.i.embedder.EclipseLogger - Using platform encoding (Cp1252 actually) to copy filtered resources, i.e. build is platform dependent!
2021-09-03 08:33:12,957 [Worker-34: Building] INFO  o.e.m.c.i.embedder.EclipseLogger - skip non existing resourceDirectory C:\Users\erick\OneDrive\햞ea de Trabalho\CC\LEDA roteiros\R07-02\R07-02-Rot-TabelaHash-environment\src\main\resources
2021-09-03 08:33:12,958 [Worker-34: Building] WARN  o.e.m.c.i.embedder.EclipseLogger - Using platform encoding (Cp1252 actually) to copy filtered resources, i.e. build is platform dependent!
2021-09-03 08:33:12,958 [Worker-34: Building] INFO  o.e.m.c.i.embedder.EclipseLogger - skip non existing resourceDirectory C:\Users\erick\OneDrive\햞ea de Trabalho\CC\LEDA roteiros\R07-02\R07-02-Rot-TabelaHash-environment\src\test\resources
2021-09-03 08:34:20,956 [Worker-43: Building] WARN  o.e.m.c.i.embedder.EclipseLogger - Using platform encoding (Cp1252 actually) to copy filtered resources, i.e. build is platform dependent!
2021-09-03 08:34:20,956 [Worker-43: Building] INFO  o.e.m.c.i.embedder.EclipseLogger - skip non existing resourceDirectory C:\Users\erick\OneDrive\햞ea de Trabalho\CC\LEDA roteiros\R07-02\R07-02-Rot-TabelaHash-environment\src\main\resources
2021-09-03 08:34:20,957 [Worker-43: Building] WARN  o.e.m.c.i.embedder.EclipseLogger - Using platform encoding (Cp1252 actually) to copy filtered resources, i.e. build is platform dependent!
2021-09-03 08:34:20,958 [Worker-43: Building] INFO  o.e.m.c.i.embedder.EclipseLogger - skip non existing resourceDirectory C:\Users\erick\OneDrive\햞ea de Trabalho\CC\LEDA roteiros\R07-02\R07-02-Rot-TabelaHash-environment\src\test\resources
2021-09-03 08:34:36,436 [Worker-42: Building] WARN  o.e.m.c.i.embedder.EclipseLogger - Using platform encoding (Cp1252 actually) to copy filtered resources, i.e. build is platform dependent!
2021-09-03 08:34:36,437 [Worker-42: Building] INFO  o.e.m.c.i.embedder.EclipseLogger - skip non existing resourceDirectory C:\Users\erick\OneDrive\햞ea de Trabalho\CC\LEDA roteiros\R07-02\R07-02-Rot-TabelaHash-environment\src\main\resources
2021-09-03 08:34:36,437 [Worker-42: Building] WARN  o.e.m.c.i.embedder.EclipseLogger - Using platform encoding (Cp1252 actually) to copy filtered resources, i.e. build is platform dependent!
2021-09-03 08:34:36,438 [Worker-42: Building] INFO  o.e.m.c.i.embedder.EclipseLogger - skip non existing resourceDirectory C:\Users\erick\OneDrive\햞ea de Trabalho\CC\LEDA roteiros\R07-02\R07-02-Rot-TabelaHash-environment\src\test\resources
2021-09-03 08:34:52,554 [Worker-34: Building] WARN  o.e.m.c.i.embedder.EclipseLogger - Using platform encoding (Cp1252 actually) to copy filtered resources, i.e. build is platform dependent!
2021-09-03 08:34:52,555 [Worker-34: Building] INFO  o.e.m.c.i.embedder.EclipseLogger - skip non existing resourceDirectory C:\Users\erick\OneDrive\햞ea de Trabalho\CC\LEDA roteiros\R07-02\R07-02-Rot-TabelaHash-environment\src\main\resources
2021-09-03 08:34:52,556 [Worker-34: Building] WARN  o.e.m.c.i.embedder.EclipseLogger - Using platform encoding (Cp1252 actually) to copy filtered resources, i.e. build is platform dependent!
2021-09-03 08:34:52,556 [Worker-34: Building] INFO  o.e.m.c.i.embedder.EclipseLogger - skip non existing resourceDirectory C:\Users\erick\OneDrive\햞ea de Trabalho\CC\LEDA roteiros\R07-02\R07-02-Rot-TabelaHash-environment\src\test\resources
2021-09-03 08:35:17,020 [Worker-41: Building] WARN  o.e.m.c.i.embedder.EclipseLogger - Using platform encoding (Cp1252 actually) to copy filtered resources, i.e. build is platform dependent!
2021-09-03 08:35:17,021 [Worker-41: Building] INFO  o.e.m.c.i.embedder.EclipseLogger - skip non existing resourceDirectory C:\Users\erick\OneDrive\햞ea de Trabalho\CC\LEDA roteiros\R07-02\R07-02-Rot-TabelaHash-environment\src\main\resources
2021-09-03 08:35:17,022 [Worker-41: Building] WARN  o.e.m.c.i.embedder.EclipseLogger - Using platform encoding (Cp1252 actually) to copy filtered resources, i.e. build is platform dependent!
2021-09-03 08:35:17,023 [Worker-41: Building] INFO  o.e.m.c.i.embedder.EclipseLogger - skip non existing resourceDirectory C:\Users\erick\OneDrive\햞ea de Trabalho\CC\LEDA roteiros\R07-02\R07-02-Rot-TabelaHash-environment\src\test\resources
2021-09-03 08:36:06,435 [Worker-43: Building] WARN  o.e.m.c.i.embedder.EclipseLogger - Using platform encoding (Cp1252 actually) to copy filtered resources, i.e. build is platform dependent!
2021-09-03 08:36:06,436 [Worker-43: Building] INFO  o.e.m.c.i.embedder.EclipseLogger - skip non existing resourceDirectory C:\Users\erick\OneDrive\햞ea de Trabalho\CC\LEDA roteiros\R07-02\R07-02-Rot-TabelaHash-environment\src\main\resources
2021-09-03 08:36:06,436 [Worker-43: Building] WARN  o.e.m.c.i.embedder.EclipseLogger - Using platform encoding (Cp1252 actually) to copy filtered resources, i.e. build is platform dependent!
2021-09-03 08:36:06,437 [Worker-43: Building] INFO  o.e.m.c.i.embedder.EclipseLogger - skip non existing resourceDirectory C:\Users\erick\OneDrive\햞ea de Trabalho\CC\LEDA roteiros\R07-02\R07-02-Rot-TabelaHash-environment\src\test\resources
2021-09-03 08:36:16,125 [Worker-34: Building] WARN  o.e.m.c.i.embedder.EclipseLogger - Using platform encoding (Cp1252 actually) to copy filtered resources, i.e. build is platform dependent!
2021-09-03 08:36:16,125 [Worker-34: Building] INFO  o.e.m.c.i.embedder.EclipseLogger - skip non existing resourceDirectory C:\Users\erick\OneDrive\햞ea de Trabalho\CC\LEDA roteiros\R07-02\R07-02-Rot-TabelaHash-environment\src\main\resources
2021-09-03 08:36:16,126 [Worker-34: Building] WARN  o.e.m.c.i.embedder.EclipseLogger - Using platform encoding (Cp1252 actually) to copy filtered resources, i.e. build is platform dependent!
2021-09-03 08:36:16,127 [Worker-34: Building] INFO  o.e.m.c.i.embedder.EclipseLogger - skip non existing resourceDirectory C:\Users\erick\OneDrive\햞ea de Trabalho\CC\LEDA roteiros\R07-02\R07-02-Rot-TabelaHash-environment\src\test\resources
2021-09-03 08:37:18,008 [Worker-41: Building] INFO  o.e.m.c.i.l.LifecycleMappingFactory - Using org.eclipse.m2e.jdt.JarLifecycleMapping lifecycle mapping for MavenProject: br.edu.ufcg.ccc:submission:1.0 @ C:\Users\erick\OneDrive\햞ea de Trabalho\CC\LEDA roteiros\R07-02\R07-02-Rot-TabelaHash-environment\pom.xml.
2021-09-03 08:37:18,107 [Worker-41: Building] WARN  o.e.m.c.i.embedder.EclipseLogger - Using platform encoding (Cp1252 actually) to copy filtered resources, i.e. build is platform dependent!
2021-09-03 08:37:18,108 [Worker-41: Building] INFO  o.e.m.c.i.embedder.EclipseLogger - skip non existing resourceDirectory C:\Users\erick\OneDrive\햞ea de Trabalho\CC\LEDA roteiros\R07-02\R07-02-Rot-TabelaHash-environment\src\main\resources
2021-09-03 08:37:18,109 [Worker-41: Building] WARN  o.e.m.c.i.embedder.EclipseLogger - Using platform encoding (Cp1252 actually) to copy filtered resources, i.e. build is platform dependent!
2021-09-03 08:37:18,110 [Worker-41: Building] INFO  o.e.m.c.i.embedder.EclipseLogger - skip non existing resourceDirectory C:\Users\erick\OneDrive\햞ea de Trabalho\CC\LEDA roteiros\R07-02\R07-02-Rot-TabelaHash-environment\src\test\resources
2021-09-03 08:37:21,335 [main] INFO  o.e.m2e.actions.ExecutePomAction - Creating new launch configuration
2021-09-03 08:37:30,549 [Worker-39: Launching R07-02-Rot-TabelaHash-environment] INFO  o.e.m.i.launch.MavenLaunchDelegate - C:\Users\erick\OneDrive\햞ea de Trabalho\CC\LEDA roteiros\R07-02\R07-02-Rot-TabelaHash-environment
2021-09-03 08:37:30,549 [Worker-39: Launching R07-02-Rot-TabelaHash-environment] INFO  o.e.m.i.launch.MavenLaunchDelegate -  mvn -B -Dmaven.test.skip=true -DskipTests install
2021-09-03 09:58:11,081 [Worker-37: Launching R07-02-Rot-TabelaHash-environment] INFO  o.e.m.i.launch.MavenLaunchDelegate - C:\Users\erick\OneDrive\햞ea de Trabalho\CC\LEDA roteiros\R07-02\R07-02-Rot-TabelaHash-environment
2021-09-03 09:58:11,081 [Worker-37: Launching R07-02-Rot-TabelaHash-environment] INFO  o.e.m.i.launch.MavenLaunchDelegate -  mvn -B -Dmaven.test.skip=true -DskipTests install
2021-09-03 14:10:18,059 [Worker-6: Loading available Gradle versions] INFO  o.e.b.c.i.u.g.PublishedGradleVersions - Gradle version information cache is out-of-date. Trying to update.
2021-09-03 14:10:19,591 [Worker-5: Building] WARN  o.e.m.c.i.embedder.EclipseLogger - Using platform encoding (Cp1252 actually) to copy filtered resources, i.e. build is platform dependent!
2021-09-03 14:10:19,592 [Worker-5: Building] INFO  o.e.m.c.i.embedder.EclipseLogger - skip non existing resourceDirectory C:\Users\erick\OneDrive\햞ea de Trabalho\CC\LEDA roteiros\R07-02\R07-02-Rot-TabelaHash-environment\src\main\resources
2021-09-03 14:10:19,595 [Worker-5: Building] WARN  o.e.m.c.i.embedder.EclipseLogger - Using platform encoding (Cp1252 actually) to copy filtered resources, i.e. build is platform dependent!
2021-09-03 14:10:19,596 [Worker-5: Building] INFO  o.e.m.c.i.embedder.EclipseLogger - skip non existing resourceDirectory C:\Users\erick\OneDrive\햞ea de Trabalho\CC\LEDA roteiros\R07-02\R07-02-Rot-TabelaHash-environment\src\test\resources
2021-09-03 14:40:44,953 [Worker-9: Loading available Gradle versions] INFO  o.e.b.c.i.u.g.PublishedGradleVersions - Gradle version information cache is up-to-date. Trying to read.
2021-09-03 14:53:59,049 [Worker-4: Building] WARN  o.e.m.c.i.embedder.EclipseLogger - Using platform encoding (Cp1252 actually) to copy filtered resources, i.e. build is platform dependent!
2021-09-03 14:53:59,050 [Worker-4: Building] INFO  o.e.m.c.i.embedder.EclipseLogger - skip non existing resourceDirectory C:\Users\erick\OneDrive\햞ea de Trabalho\CC\LEDA roteiros\R07-02\R07-02-Rot-TabelaHash-environment\src\main\resources
2021-09-03 14:53:59,052 [Worker-4: Building] WARN  o.e.m.c.i.embedder.EclipseLogger - Using platform encoding (Cp1252 actually) to copy filtered resources, i.e. build is platform dependent!
2021-09-03 14:53:59,053 [Worker-4: Building] INFO  o.e.m.c.i.embedder.EclipseLogger - skip non existing resourceDirectory C:\Users\erick\OneDrive\햞ea de Trabalho\CC\LEDA roteiros\R07-02\R07-02-Rot-TabelaHash-environment\src\test\resources
2021-09-03 14:54:00,058 [Worker-26: Building] WARN  o.e.m.c.i.embedder.EclipseLogger - Using platform encoding (Cp1252 actually) to copy filtered resources, i.e. build is platform dependent!
2021-09-03 14:54:00,059 [Worker-26: Building] INFO  o.e.m.c.i.embedder.EclipseLogger - skip non existing resourceDirectory C:\Users\erick\OneDrive\햞ea de Trabalho\CC\LEDA roteiros\R07-02\R07-02-Rot-TabelaHash-environment\src\main\resources
2021-09-03 14:54:00,060 [Worker-26: Building] WARN  o.e.m.c.i.embedder.EclipseLogger - Using platform encoding (Cp1252 actually) to copy filtered resources, i.e. build is platform dependent!
2021-09-03 14:54:00,061 [Worker-26: Building] INFO  o.e.m.c.i.embedder.EclipseLogger - skip non existing resourceDirectory C:\Users\erick\OneDrive\햞ea de Trabalho\CC\LEDA roteiros\R07-02\R07-02-Rot-TabelaHash-environment\src\test\resources
2021-09-03 14:54:24,866 [Worker-18: Launching StudentTestHashtableClosedAddressDivisionMethod] WARN  o.e.m.c.i.embedder.EclipseLogger - Using platform encoding (Cp1252 actually) to copy filtered resources, i.e. build is platform dependent!
2021-09-03 14:54:24,867 [Worker-18: Launching StudentTestHashtableClosedAddressDivisionMethod] INFO  o.e.m.c.i.embedder.EclipseLogger - skip non existing resourceDirectory C:\Users\erick\OneDrive\햞ea de Trabalho\CC\LEDA roteiros\R07-02\R07-02-Rot-TabelaHash-environment\src\main\resources
2021-09-03 14:54:24,868 [Worker-18: Launching StudentTestHashtableClosedAddressDivisionMethod] WARN  o.e.m.c.i.embedder.EclipseLogger - Using platform encoding (Cp1252 actually) to copy filtered resources, i.e. build is platform dependent!
2021-09-03 14:54:24,869 [Worker-18: Launching StudentTestHashtableClosedAddressDivisionMethod] INFO  o.e.m.c.i.embedder.EclipseLogger - skip non existing resourceDirectory C:\Users\erick\OneDrive\햞ea de Trabalho\CC\LEDA roteiros\R07-02\R07-02-Rot-TabelaHash-environment\src\test\resources
2021-09-03 14:58:08,173 [Worker-16: Building] WARN  o.e.m.c.i.embedder.EclipseLogger - Using platform encoding (Cp1252 actually) to copy filtered resources, i.e. build is platform dependent!
2021-09-03 14:58:08,174 [Worker-16: Building] INFO  o.e.m.c.i.embedder.EclipseLogger - skip non existing resourceDirectory C:\Users\erick\OneDrive\햞ea de Trabalho\CC\LEDA roteiros\R07-02\R07-02-Rot-TabelaHash-environment\src\main\resources
2021-09-03 14:58:08,175 [Worker-16: Building] WARN  o.e.m.c.i.embedder.EclipseLogger - Using platform encoding (Cp1252 actually) to copy filtered resources, i.e. build is platform dependent!
2021-09-03 14:58:08,176 [Worker-16: Building] INFO  o.e.m.c.i.embedder.EclipseLogger - skip non existing resourceDirectory C:\Users\erick\OneDrive\햞ea de Trabalho\CC\LEDA roteiros\R07-02\R07-02-Rot-TabelaHash-environment\src\test\resources
2021-09-03 14:58:36,690 [Worker-30: Building] WARN  o.e.m.c.i.embedder.EclipseLogger - Using platform encoding (Cp1252 actually) to copy filtered resources, i.e. build is platform dependent!
2021-09-03 14:58:36,691 [Worker-30: Building] INFO  o.e.m.c.i.embedder.EclipseLogger - skip non existing resourceDirectory C:\Users\erick\OneDrive\햞ea de Trabalho\CC\LEDA roteiros\R07-02\R07-02-Rot-TabelaHash-environment\src\main\resources
2021-09-03 14:58:36,692 [Worker-30: Building] WARN  o.e.m.c.i.embedder.EclipseLogger - Using platform encoding (Cp1252 actually) to copy filtered resources, i.e. build is platform dependent!
2021-09-03 14:58:36,693 [Worker-30: Building] INFO  o.e.m.c.i.embedder.EclipseLogger - skip non existing resourceDirectory C:\Users\erick\OneDrive\햞ea de Trabalho\CC\LEDA roteiros\R07-02\R07-02-Rot-TabelaHash-environment\src\test\resources
2021-09-03 15:02:37,802 [Worker-30: Building] WARN  o.e.m.c.i.embedder.EclipseLogger - Using platform encoding (Cp1252 actually) to copy filtered resources, i.e. build is platform dependent!
2021-09-03 15:02:37,802 [Worker-30: Building] INFO  o.e.m.c.i.embedder.EclipseLogger - skip non existing resourceDirectory C:\Users\erick\OneDrive\햞ea de Trabalho\CC\LEDA roteiros\R07-02\R07-02-Rot-TabelaHash-environment\src\main\resources
2021-09-03 15:02:37,804 [Worker-30: Building] WARN  o.e.m.c.i.embedder.EclipseLogger - Using platform encoding (Cp1252 actually) to copy filtered resources, i.e. build is platform dependent!
2021-09-03 15:02:37,804 [Worker-30: Building] INFO  o.e.m.c.i.embedder.EclipseLogger - skip non existing resourceDirectory C:\Users\erick\OneDrive\햞ea de Trabalho\CC\LEDA roteiros\R07-02\R07-02-Rot-TabelaHash-environment\src\test\resources
2021-09-03 15:02:38,810 [Worker-8: Building] WARN  o.e.m.c.i.embedder.EclipseLogger - Using platform encoding (Cp1252 actually) to copy filtered resources, i.e. build is platform dependent!
2021-09-03 15:02:38,811 [Worker-8: Building] INFO  o.e.m.c.i.embedder.EclipseLogger - skip non existing resourceDirectory C:\Users\erick\OneDrive\햞ea de Trabalho\CC\LEDA roteiros\R07-02\R07-02-Rot-TabelaHash-environment\src\main\resources
2021-09-03 15:02:38,813 [Worker-8: Building] WARN  o.e.m.c.i.embedder.EclipseLogger - Using platform encoding (Cp1252 actually) to copy filtered resources, i.e. build is platform dependent!
2021-09-03 15:02:38,814 [Worker-8: Building] INFO  o.e.m.c.i.embedder.EclipseLogger - skip non existing resourceDirectory C:\Users\erick\OneDrive\햞ea de Trabalho\CC\LEDA roteiros\R07-02\R07-02-Rot-TabelaHash-environment\src\test\resources
2021-09-03 15:03:06,779 [Worker-23: Building] WARN  o.e.m.c.i.embedder.EclipseLogger - Using platform encoding (Cp1252 actually) to copy filtered resources, i.e. build is platform dependent!
2021-09-03 15:03:06,780 [Worker-23: Building] INFO  o.e.m.c.i.embedder.EclipseLogger - skip non existing resourceDirectory C:\Users\erick\OneDrive\햞ea de Trabalho\CC\LEDA roteiros\R07-02\R07-02-Rot-TabelaHash-environment\src\main\resources
2021-09-03 15:03:06,781 [Worker-23: Building] WARN  o.e.m.c.i.embedder.EclipseLogger - Using platform encoding (Cp1252 actually) to copy filtered resources, i.e. build is platform dependent!
2021-09-03 15:03:06,782 [Worker-23: Building] INFO  o.e.m.c.i.embedder.EclipseLogger - skip non existing resourceDirectory C:\Users\erick\OneDrive\햞ea de Trabalho\CC\LEDA roteiros\R07-02\R07-02-Rot-TabelaHash-environment\src\test\resources
2021-09-03 15:03:09,227 [Worker-16: Building] WARN  o.e.m.c.i.embedder.EclipseLogger - Using platform encoding (Cp1252 actually) to copy filtered resources, i.e. build is platform dependent!
2021-09-03 15:03:09,227 [Worker-16: Building] INFO  o.e.m.c.i.embedder.EclipseLogger - skip non existing resourceDirectory C:\Users\erick\OneDrive\햞ea de Trabalho\CC\LEDA roteiros\R07-02\R07-02-Rot-TabelaHash-environment\src\main\resources
2021-09-03 15:03:09,228 [Worker-16: Building] WARN  o.e.m.c.i.embedder.EclipseLogger - Using platform encoding (Cp1252 actually) to copy filtered resources, i.e. build is platform dependent!
2021-09-03 15:03:09,229 [Worker-16: Building] INFO  o.e.m.c.i.embedder.EclipseLogger - skip non existing resourceDirectory C:\Users\erick\OneDrive\햞ea de Trabalho\CC\LEDA roteiros\R07-02\R07-02-Rot-TabelaHash-environment\src\test\resources
