<?xml version="1.0" encoding="UTF-8" standalone="no"?>
<!DOCTYPE log SYSTEM "logger.dtd">
<log>
<record>
  <date>2021-07-27T17:35:57.044-0300</date>
  <logger>ERICK ARAKEN VIEIRA GOMES</logger>
  <level>FINE</level>
  <message>File 119210561-ERICK ARAKEN VIEIRA GOMES.zip was received. It was sent by ERICK ARAKEN VIEIRA GOMES from IP 192.168.56.1 at 27-07-2021 17*35*57</message>
</record>
</log>
<?xml version="1.0" encoding="UTF-8" standalone="no"?>
<!DOCTYPE log SYSTEM "logger.dtd">
<log>
<record>
  <date>2021-07-28T12:15:17.353-0300</date>
  <logger>ERICK ARAKEN VIEIRA GOMES</logger>
  <level>FINE</level>
  <message>File 119210561-ERICK ARAKEN VIEIRA GOMES.zip was received. It was sent by ERICK ARAKEN VIEIRA GOMES from IP 192.168.56.1 at 28-07-2021 12*15*17</message>
</record>
</log>
<?xml version="1.0" encoding="UTF-8" standalone="no"?>
<!DOCTYPE log SYSTEM "logger.dtd">
<log>
<record>
  <date>2021-07-28T12:15:31.389-0300</date>
  <logger>ERICK ARAKEN VIEIRA GOMES</logger>
  <level>FINE</level>
  <message>File 119210561-ERICK ARAKEN VIEIRA GOMES.zip was received. It was sent by ERICK ARAKEN VIEIRA GOMES from IP 192.168.56.1 at 28-07-2021 12*15*31</message>
</record>
</log>
<?xml version="1.0" encoding="UTF-8" standalone="no"?>
<!DOCTYPE log SYSTEM "logger.dtd">
<log>
<record>
  <date>2021-07-28T12:16:03.048-0300</date>
  <logger>ERICK ARAKEN VIEIRA GOMES</logger>
  <level>FINE</level>
  <message>File 119210561-ERICK ARAKEN VIEIRA GOMES.zip was received. It was sent by ERICK ARAKEN VIEIRA GOMES from IP 192.168.56.1 at 28-07-2021 12*16*03</message>
</record>
</log>
<?xml version="1.0" encoding="UTF-8" standalone="no"?>
<!DOCTYPE log SYSTEM "logger.dtd">
<log>
<record>
  <date>2021-07-28T22:11:01.598-0300</date>
  <logger>ERICK ARAKEN VIEIRA GOMES</logger>
  <level>FINE</level>
  <message>File 119210561-ERICK ARAKEN VIEIRA GOMES.zip was received. It was sent by ERICK ARAKEN VIEIRA GOMES from IP 192.168.56.1 at 28-07-2021 22*11*01</message>
</record>
</log>
<?xml version="1.0" encoding="UTF-8" standalone="no"?>
<!DOCTYPE log SYSTEM "logger.dtd">
<log>
<record>
  <date>2021-07-28T22:20:26.727-0300</date>
  <logger>ERICK ARAKEN VIEIRA GOMES</logger>
  <level>FINE</level>
  <message>File 119210561-ERICK ARAKEN VIEIRA GOMES.zip was received. It was sent by ERICK ARAKEN VIEIRA GOMES from IP 192.168.56.1 at 28-07-2021 22*20*26</message>
</record>
</log>
<?xml version="1.0" encoding="UTF-8" standalone="no"?>
<!DOCTYPE log SYSTEM "logger.dtd">
<log>
<record>
  <date>2021-07-28T23:08:21.685-0300</date>
  <logger>ERICK ARAKEN VIEIRA GOMES</logger>
  <level>FINE</level>
  <message>File 119210561-ERICK ARAKEN VIEIRA GOMES.zip was received. It was sent by ERICK ARAKEN VIEIRA GOMES from IP 192.168.56.1 at 28-07-2021 23*08*21</message>
</record>
</log>
<?xml version="1.0" encoding="UTF-8" standalone="no"?>
<!DOCTYPE log SYSTEM "logger.dtd">
<log>
<record>
  <date>2021-07-28T23:10:11.573-0300</date>
  <logger>ERICK ARAKEN VIEIRA GOMES</logger>
  <level>FINE</level>
  <message>File 119210561-ERICK ARAKEN VIEIRA GOMES.zip was received. It was sent by ERICK ARAKEN VIEIRA GOMES from IP 192.168.56.1 at 28-07-2021 23*10*11</message>
</record>
</log>
<?xml version="1.0" encoding="UTF-8" standalone="no"?>
<!DOCTYPE log SYSTEM "logger.dtd">
<log>
<record>
  <date>2021-07-28T23:46:18.166-0300</date>
  <logger>ERICK ARAKEN VIEIRA GOMES</logger>
  <level>FINE</level>
  <message>File 119210561-ERICK ARAKEN VIEIRA GOMES.zip was received. It was sent by ERICK ARAKEN VIEIRA GOMES from IP 192.168.56.1 at 28-07-2021 23*46*18</message>
</record>
</log>
<?xml version="1.0" encoding="UTF-8" standalone="no"?>
<!DOCTYPE log SYSTEM "logger.dtd">
<log>
<record>
  <date>2021-07-29T09:42:42.677-0300</date>
  <logger>ERICK ARAKEN VIEIRA GOMES</logger>
  <level>FINE</level>
  <message>File 119210561-ERICK ARAKEN VIEIRA GOMES.zip was received. It was sent by ERICK ARAKEN VIEIRA GOMES from IP 192.168.56.1 at 29-07-2021 09*42*42</message>
</record>
