<?xml version="1.0" encoding="UTF-8" standalone="no"?>
<!DOCTYPE log SYSTEM "logger.dtd">
<log>
<record>
  <date>2021-09-15T17:24:35.695-0300</date>
  <logger>ERICK ARAKEN VIEIRA GOMES</logger>
  <level>FINE</level>
  <message>File 119210561-ERICK ARAKEN VIEIRA GOMES.zip was received. It was sent by ERICK ARAKEN VIEIRA GOMES from IP 192.168.100.5 at 15-09-2021 17*24*35</message>
</record>
</log>
<?xml version="1.0" encoding="UTF-8" standalone="no"?>
<!DOCTYPE log SYSTEM "logger.dtd">
<log>
<record>
  <date>2021-09-16T22:38:50.161-0300</date>
  <logger>ERICK ARAKEN VIEIRA GOMES</logger>
  <level>FINE</level>
  <message>File 119210561-ERICK ARAKEN VIEIRA GOMES.zip was received. It was sent by ERICK ARAKEN VIEIRA GOMES from IP 192.168.100.5 at 16-09-2021 22*38*50</message>
</record>
</log>
<?xml version="1.0" encoding="UTF-8" standalone="no"?>
<!DOCTYPE log SYSTEM "logger.dtd">
<log>
<record>
  <date>2021-09-16T22:39:38.766-0300</date>
  <logger>ERICK ARAKEN VIEIRA GOMES</logger>
  <level>FINE</level>
  <message>File 119210561-ERICK ARAKEN VIEIRA GOMES.zip was received. It was sent by ERICK ARAKEN VIEIRA GOMES from IP 192.168.100.5 at 16-09-2021 22*39*38</message>
</record>
