2021-07-22 15:34:42,914 [Worker-8: Loading available Gradle versions] INFO  o.e.b.c.i.u.g.PublishedGradleVersions - Gradle version information cache is up-to-date. Trying to read.
2021-07-22 15:35:41,976 [Worker-17: Importing Maven projects] INFO  o.e.m.c.i.l.LifecycleMappingFactory - Using org.eclipse.m2e.jdt.JarLifecycleMapping lifecycle mapping for MavenProject: br.edu.ufcg.ccc:submission:1.0 @ C:\Users\Erick Brth\Desktop\CC\LEDA roteiros\R01-02-Rot-SimpleSorting-Bidirectional-Bubble-environment\pom.xml.
2021-07-22 15:35:42,672 [Worker-17: Importing Maven projects] INFO  o.e.m.j.i.AbstractJavaProjectConfigurator - Adding source folder /submission/src/main/java
2021-07-22 15:35:42,672 [Worker-17: Importing Maven projects] INFO  o.e.m.j.i.AbstractJavaProjectConfigurator - Adding source folder /submission/src/test/java
2021-07-22 15:35:43,440 [Worker-17: Importing Maven projects] INFO  o.e.m.c.i.p.ProjectConfigurationManager - Imported and configured 1 project(s) in 4 sec
2021-07-22 15:35:44,099 [Worker-1: Building] WARN  o.e.m.c.i.embedder.EclipseLogger - Using platform encoding (Cp1252 actually) to copy filtered resources, i.e. build is platform dependent!
2021-07-22 15:35:44,099 [Worker-1: Building] INFO  o.e.m.c.i.embedder.EclipseLogger - skip non existing resourceDirectory C:\Users\Erick Brth\Desktop\CC\LEDA roteiros\R01-02-Rot-SimpleSorting-Bidirectional-Bubble-environment\src\main\resources
2021-07-22 15:35:44,100 [Worker-1: Building] WARN  o.e.m.c.i.embedder.EclipseLogger - Using platform encoding (Cp1252 actually) to copy filtered resources, i.e. build is platform dependent!
2021-07-22 15:35:44,101 [Worker-1: Building] INFO  o.e.m.c.i.embedder.EclipseLogger - skip non existing resourceDirectory C:\Users\Erick Brth\Desktop\CC\LEDA roteiros\R01-02-Rot-SimpleSorting-Bidirectional-Bubble-environment\src\test\resources
2021-07-22 15:38:52,089 [Worker-9: Building] INFO  o.e.m.c.i.l.LifecycleMappingFactory - Using org.eclipse.m2e.jdt.JarLifecycleMapping lifecycle mapping for MavenProject: br.edu.ufcg.ccc:submission:1.0 @ C:\Users\Erick Brth\Desktop\CC\LEDA roteiros\R01-02-Rot-SimpleSorting-Bidirectional-Bubble-environment\pom.xml.
2021-07-22 15:38:52,183 [Worker-9: Building] WARN  o.e.m.c.i.embedder.EclipseLogger - Using platform encoding (Cp1252 actually) to copy filtered resources, i.e. build is platform dependent!
2021-07-22 15:38:52,183 [Worker-9: Building] INFO  o.e.m.c.i.embedder.EclipseLogger - skip non existing resourceDirectory C:\Users\Erick Brth\Desktop\CC\LEDA roteiros\R01-02-Rot-SimpleSorting-Bidirectional-Bubble-environment\src\main\resources
2021-07-22 15:38:52,185 [Worker-9: Building] WARN  o.e.m.c.i.embedder.EclipseLogger - Using platform encoding (Cp1252 actually) to copy filtered resources, i.e. build is platform dependent!
2021-07-22 15:38:52,185 [Worker-9: Building] INFO  o.e.m.c.i.embedder.EclipseLogger - skip non existing resourceDirectory C:\Users\Erick Brth\Desktop\CC\LEDA roteiros\R01-02-Rot-SimpleSorting-Bidirectional-Bubble-environment\src\test\resources
2021-07-22 15:39:09,285 [main] INFO  o.e.m2e.actions.ExecutePomAction - Creating new launch configuration
2021-07-22 15:39:18,318 [Worker-9: Launching R01-02-Rot-SimpleSorting-Bidirectional-Bubble-environment] INFO  o.e.m.i.launch.MavenLaunchDelegate - C:\Users\Erick Brth\Desktop\CC\LEDA roteiros\R01-02-Rot-SimpleSorting-Bidirectional-Bubble-environment
2021-07-22 15:39:18,319 [Worker-9: Launching R01-02-Rot-SimpleSorting-Bidirectional-Bubble-environment] INFO  o.e.m.i.launch.MavenLaunchDelegate -  mvn -B -Dmaven.test.skip=true -DskipTests install
2021-07-22 15:40:24,298 [Worker-1: Building] WARN  o.e.m.c.i.embedder.EclipseLogger - Using platform encoding (Cp1252 actually) to copy filtered resources, i.e. build is platform dependent!
2021-07-22 15:40:24,299 [Worker-1: Building] INFO  o.e.m.c.i.embedder.EclipseLogger - skip non existing resourceDirectory C:\Users\Erick Brth\Desktop\CC\LEDA roteiros\R01-02-Rot-SimpleSorting-Bidirectional-Bubble-environment\src\main\resources
2021-07-22 15:40:24,300 [Worker-1: Building] WARN  o.e.m.c.i.embedder.EclipseLogger - Using platform encoding (Cp1252 actually) to copy filtered resources, i.e. build is platform dependent!
2021-07-22 15:40:24,300 [Worker-1: Building] INFO  o.e.m.c.i.embedder.EclipseLogger - skip non existing resourceDirectory C:\Users\Erick Brth\Desktop\CC\LEDA roteiros\R01-02-Rot-SimpleSorting-Bidirectional-Bubble-environment\src\test\resources
2021-07-22 15:56:46,841 [Worker-34: Building] WARN  o.e.m.c.i.embedder.EclipseLogger - Using platform encoding (Cp1252 actually) to copy filtered resources, i.e. build is platform dependent!
2021-07-22 15:56:46,842 [Worker-34: Building] INFO  o.e.m.c.i.embedder.EclipseLogger - skip non existing resourceDirectory C:\Users\Erick Brth\Desktop\CC\LEDA roteiros\R01-02-Rot-SimpleSorting-Bidirectional-Bubble-environment\src\main\resources
2021-07-22 15:56:46,843 [Worker-34: Building] WARN  o.e.m.c.i.embedder.EclipseLogger - Using platform encoding (Cp1252 actually) to copy filtered resources, i.e. build is platform dependent!
2021-07-22 15:56:46,843 [Worker-34: Building] INFO  o.e.m.c.i.embedder.EclipseLogger - skip non existing resourceDirectory C:\Users\Erick Brth\Desktop\CC\LEDA roteiros\R01-02-Rot-SimpleSorting-Bidirectional-Bubble-environment\src\test\resources
2021-07-22 15:56:47,848 [Worker-36: Building] WARN  o.e.m.c.i.embedder.EclipseLogger - Using platform encoding (Cp1252 actually) to copy filtered resources, i.e. build is platform dependent!
2021-07-22 15:56:47,849 [Worker-36: Building] INFO  o.e.m.c.i.embedder.EclipseLogger - skip non existing resourceDirectory C:\Users\Erick Brth\Desktop\CC\LEDA roteiros\R01-02-Rot-SimpleSorting-Bidirectional-Bubble-environment\src\main\resources
2021-07-22 15:56:47,850 [Worker-36: Building] WARN  o.e.m.c.i.embedder.EclipseLogger - Using platform encoding (Cp1252 actually) to copy filtered resources, i.e. build is platform dependent!
2021-07-22 15:56:47,851 [Worker-36: Building] INFO  o.e.m.c.i.embedder.EclipseLogger - skip non existing resourceDirectory C:\Users\Erick Brth\Desktop\CC\LEDA roteiros\R01-02-Rot-SimpleSorting-Bidirectional-Bubble-environment\src\test\resources
2021-07-22 16:29:00,106 [Worker-32: Building] WARN  o.e.m.c.i.embedder.EclipseLogger - Using platform encoding (Cp1252 actually) to copy filtered resources, i.e. build is platform dependent!
2021-07-22 16:29:00,107 [Worker-32: Building] INFO  o.e.m.c.i.embedder.EclipseLogger - skip non existing resourceDirectory C:\Users\Erick Brth\Desktop\CC\LEDA roteiros\R01-02-Rot-SimpleSorting-Bidirectional-Bubble-environment\src\main\resources
2021-07-22 16:29:00,107 [Worker-32: Building] WARN  o.e.m.c.i.embedder.EclipseLogger - Using platform encoding (Cp1252 actually) to copy filtered resources, i.e. build is platform dependent!
2021-07-22 16:29:00,108 [Worker-32: Building] INFO  o.e.m.c.i.embedder.EclipseLogger - skip non existing resourceDirectory C:\Users\Erick Brth\Desktop\CC\LEDA roteiros\R01-02-Rot-SimpleSorting-Bidirectional-Bubble-environment\src\test\resources
2021-07-22 16:30:41,110 [Worker-39: Building] WARN  o.e.m.c.i.embedder.EclipseLogger - Using platform encoding (Cp1252 actually) to copy filtered resources, i.e. build is platform dependent!
2021-07-22 16:30:41,111 [Worker-39: Building] INFO  o.e.m.c.i.embedder.EclipseLogger - skip non existing resourceDirectory C:\Users\Erick Brth\Desktop\CC\LEDA roteiros\R01-02-Rot-SimpleSorting-Bidirectional-Bubble-environment\src\main\resources
2021-07-22 16:30:41,112 [Worker-39: Building] WARN  o.e.m.c.i.embedder.EclipseLogger - Using platform encoding (Cp1252 actually) to copy filtered resources, i.e. build is platform dependent!
2021-07-22 16:30:41,112 [Worker-39: Building] INFO  o.e.m.c.i.embedder.EclipseLogger - skip non existing resourceDirectory C:\Users\Erick Brth\Desktop\CC\LEDA roteiros\R01-02-Rot-SimpleSorting-Bidirectional-Bubble-environment\src\test\resources
2021-07-22 16:34:17,267 [Worker-40: Building] WARN  o.e.m.c.i.embedder.EclipseLogger - Using platform encoding (Cp1252 actually) to copy filtered resources, i.e. build is platform dependent!
2021-07-22 16:34:17,268 [Worker-40: Building] INFO  o.e.m.c.i.embedder.EclipseLogger - skip non existing resourceDirectory C:\Users\Erick Brth\Desktop\CC\LEDA roteiros\R01-02-Rot-SimpleSorting-Bidirectional-Bubble-environment\src\main\resources
2021-07-22 16:34:17,269 [Worker-40: Building] WARN  o.e.m.c.i.embedder.EclipseLogger - Using platform encoding (Cp1252 actually) to copy filtered resources, i.e. build is platform dependent!
2021-07-22 16:34:17,270 [Worker-40: Building] INFO  o.e.m.c.i.embedder.EclipseLogger - skip non existing resourceDirectory C:\Users\Erick Brth\Desktop\CC\LEDA roteiros\R01-02-Rot-SimpleSorting-Bidirectional-Bubble-environment\src\test\resources
2021-07-22 16:34:18,275 [Worker-41: Building] WARN  o.e.m.c.i.embedder.EclipseLogger - Using platform encoding (Cp1252 actually) to copy filtered resources, i.e. build is platform dependent!
2021-07-22 16:34:18,275 [Worker-41: Building] INFO  o.e.m.c.i.embedder.EclipseLogger - skip non existing resourceDirectory C:\Users\Erick Brth\Desktop\CC\LEDA roteiros\R01-02-Rot-SimpleSorting-Bidirectional-Bubble-environment\src\main\resources
2021-07-22 16:34:18,277 [Worker-41: Building] WARN  o.e.m.c.i.embedder.EclipseLogger - Using platform encoding (Cp1252 actually) to copy filtered resources, i.e. build is platform dependent!
2021-07-22 16:34:18,277 [Worker-41: Building] INFO  o.e.m.c.i.embedder.EclipseLogger - skip non existing resourceDirectory C:\Users\Erick Brth\Desktop\CC\LEDA roteiros\R01-02-Rot-SimpleSorting-Bidirectional-Bubble-environment\src\test\resources
2021-07-22 16:34:39,470 [Worker-37: Building] WARN  o.e.m.c.i.embedder.EclipseLogger - Using platform encoding (Cp1252 actually) to copy filtered resources, i.e. build is platform dependent!
2021-07-22 16:34:39,470 [Worker-37: Building] INFO  o.e.m.c.i.embedder.EclipseLogger - skip non existing resourceDirectory C:\Users\Erick Brth\Desktop\CC\LEDA roteiros\R01-02-Rot-SimpleSorting-Bidirectional-Bubble-environment\src\main\resources
2021-07-22 16:34:39,471 [Worker-37: Building] WARN  o.e.m.c.i.embedder.EclipseLogger - Using platform encoding (Cp1252 actually) to copy filtered resources, i.e. build is platform dependent!
2021-07-22 16:34:39,472 [Worker-37: Building] INFO  o.e.m.c.i.embedder.EclipseLogger - skip non existing resourceDirectory C:\Users\Erick Brth\Desktop\CC\LEDA roteiros\R01-02-Rot-SimpleSorting-Bidirectional-Bubble-environment\src\test\resources
2021-07-22 16:36:08,649 [Worker-37: Building] WARN  o.e.m.c.i.embedder.EclipseLogger - Using platform encoding (Cp1252 actually) to copy filtered resources, i.e. build is platform dependent!
2021-07-22 16:36:08,650 [Worker-37: Building] INFO  o.e.m.c.i.embedder.EclipseLogger - skip non existing resourceDirectory C:\Users\Erick Brth\Desktop\CC\LEDA roteiros\R01-02-Rot-SimpleSorting-Bidirectional-Bubble-environment\src\main\resources
2021-07-22 16:36:08,651 [Worker-37: Building] WARN  o.e.m.c.i.embedder.EclipseLogger - Using platform encoding (Cp1252 actually) to copy filtered resources, i.e. build is platform dependent!
2021-07-22 16:36:08,651 [Worker-37: Building] INFO  o.e.m.c.i.embedder.EclipseLogger - skip non existing resourceDirectory C:\Users\Erick Brth\Desktop\CC\LEDA roteiros\R01-02-Rot-SimpleSorting-Bidirectional-Bubble-environment\src\test\resources
2021-07-22 16:36:32,766 [Worker-41: Building] WARN  o.e.m.c.i.embedder.EclipseLogger - Using platform encoding (Cp1252 actually) to copy filtered resources, i.e. build is platform dependent!
2021-07-22 16:36:32,767 [Worker-41: Building] INFO  o.e.m.c.i.embedder.EclipseLogger - skip non existing resourceDirectory C:\Users\Erick Brth\Desktop\CC\LEDA roteiros\R01-02-Rot-SimpleSorting-Bidirectional-Bubble-environment\src\main\resources
2021-07-22 16:36:32,767 [Worker-41: Building] WARN  o.e.m.c.i.embedder.EclipseLogger - Using platform encoding (Cp1252 actually) to copy filtered resources, i.e. build is platform dependent!
2021-07-22 16:36:32,768 [Worker-41: Building] INFO  o.e.m.c.i.embedder.EclipseLogger - skip non existing resourceDirectory C:\Users\Erick Brth\Desktop\CC\LEDA roteiros\R01-02-Rot-SimpleSorting-Bidirectional-Bubble-environment\src\test\resources
2021-07-22 16:37:12,974 [Worker-41: Building] WARN  o.e.m.c.i.embedder.EclipseLogger - Using platform encoding (Cp1252 actually) to copy filtered resources, i.e. build is platform dependent!
2021-07-22 16:37:12,974 [Worker-41: Building] INFO  o.e.m.c.i.embedder.EclipseLogger - skip non existing resourceDirectory C:\Users\Erick Brth\Desktop\CC\LEDA roteiros\R01-02-Rot-SimpleSorting-Bidirectional-Bubble-environment\src\main\resources
2021-07-22 16:37:12,975 [Worker-41: Building] WARN  o.e.m.c.i.embedder.EclipseLogger - Using platform encoding (Cp1252 actually) to copy filtered resources, i.e. build is platform dependent!
2021-07-22 16:37:12,975 [Worker-41: Building] INFO  o.e.m.c.i.embedder.EclipseLogger - skip non existing resourceDirectory C:\Users\Erick Brth\Desktop\CC\LEDA roteiros\R01-02-Rot-SimpleSorting-Bidirectional-Bubble-environment\src\test\resources
2021-07-22 16:48:59,714 [Worker-46: Building] WARN  o.e.m.c.i.embedder.EclipseLogger - Using platform encoding (Cp1252 actually) to copy filtered resources, i.e. build is platform dependent!
2021-07-22 16:48:59,715 [Worker-46: Building] INFO  o.e.m.c.i.embedder.EclipseLogger - skip non existing resourceDirectory C:\Users\Erick Brth\Desktop\CC\LEDA roteiros\R01-02-Rot-SimpleSorting-Bidirectional-Bubble-environment\src\main\resources
2021-07-22 16:48:59,715 [Worker-46: Building] WARN  o.e.m.c.i.embedder.EclipseLogger - Using platform encoding (Cp1252 actually) to copy filtered resources, i.e. build is platform dependent!
2021-07-22 16:48:59,716 [Worker-46: Building] INFO  o.e.m.c.i.embedder.EclipseLogger - skip non existing resourceDirectory C:\Users\Erick Brth\Desktop\CC\LEDA roteiros\R01-02-Rot-SimpleSorting-Bidirectional-Bubble-environment\src\test\resources
2021-07-22 16:50:18,944 [Worker-32: Building] WARN  o.e.m.c.i.embedder.EclipseLogger - Using platform encoding (Cp1252 actually) to copy filtered resources, i.e. build is platform dependent!
2021-07-22 16:50:18,945 [Worker-32: Building] INFO  o.e.m.c.i.embedder.EclipseLogger - skip non existing resourceDirectory C:\Users\Erick Brth\Desktop\CC\LEDA roteiros\R01-02-Rot-SimpleSorting-Bidirectional-Bubble-environment\src\main\resources
2021-07-22 16:50:18,946 [Worker-32: Building] WARN  o.e.m.c.i.embedder.EclipseLogger - Using platform encoding (Cp1252 actually) to copy filtered resources, i.e. build is platform dependent!
2021-07-22 16:50:18,946 [Worker-32: Building] INFO  o.e.m.c.i.embedder.EclipseLogger - skip non existing resourceDirectory C:\Users\Erick Brth\Desktop\CC\LEDA roteiros\R01-02-Rot-SimpleSorting-Bidirectional-Bubble-environment\src\test\resources
2021-07-22 16:54:39,017 [Worker-46: Building] WARN  o.e.m.c.i.embedder.EclipseLogger - Using platform encoding (Cp1252 actually) to copy filtered resources, i.e. build is platform dependent!
2021-07-22 16:54:39,017 [Worker-46: Building] INFO  o.e.m.c.i.embedder.EclipseLogger - skip non existing resourceDirectory C:\Users\Erick Brth\Desktop\CC\LEDA roteiros\R01-02-Rot-SimpleSorting-Bidirectional-Bubble-environment\src\main\resources
2021-07-22 16:54:39,018 [Worker-46: Building] WARN  o.e.m.c.i.embedder.EclipseLogger - Using platform encoding (Cp1252 actually) to copy filtered resources, i.e. build is platform dependent!
2021-07-22 16:54:39,019 [Worker-46: Building] INFO  o.e.m.c.i.embedder.EclipseLogger - skip non existing resourceDirectory C:\Users\Erick Brth\Desktop\CC\LEDA roteiros\R01-02-Rot-SimpleSorting-Bidirectional-Bubble-environment\src\test\resources
2021-07-22 16:55:13,889 [Worker-47: Building] WARN  o.e.m.c.i.embedder.EclipseLogger - Using platform encoding (Cp1252 actually) to copy filtered resources, i.e. build is platform dependent!
2021-07-22 16:55:13,889 [Worker-47: Building] INFO  o.e.m.c.i.embedder.EclipseLogger - skip non existing resourceDirectory C:\Users\Erick Brth\Desktop\CC\LEDA roteiros\R01-02-Rot-SimpleSorting-Bidirectional-Bubble-environment\src\main\resources
2021-07-22 16:55:13,891 [Worker-47: Building] WARN  o.e.m.c.i.embedder.EclipseLogger - Using platform encoding (Cp1252 actually) to copy filtered resources, i.e. build is platform dependent!
2021-07-22 16:55:13,892 [Worker-47: Building] INFO  o.e.m.c.i.embedder.EclipseLogger - skip non existing resourceDirectory C:\Users\Erick Brth\Desktop\CC\LEDA roteiros\R01-02-Rot-SimpleSorting-Bidirectional-Bubble-environment\src\test\resources
2021-07-22 16:59:03,098 [Worker-49: Building] WARN  o.e.m.c.i.embedder.EclipseLogger - Using platform encoding (Cp1252 actually) to copy filtered resources, i.e. build is platform dependent!
2021-07-22 16:59:03,099 [Worker-49: Building] INFO  o.e.m.c.i.embedder.EclipseLogger - skip non existing resourceDirectory C:\Users\Erick Brth\Desktop\CC\LEDA roteiros\R01-02-Rot-SimpleSorting-Bidirectional-Bubble-environment\src\main\resources
2021-07-22 16:59:03,100 [Worker-49: Building] WARN  o.e.m.c.i.embedder.EclipseLogger - Using platform encoding (Cp1252 actually) to copy filtered resources, i.e. build is platform dependent!
2021-07-22 16:59:03,100 [Worker-49: Building] INFO  o.e.m.c.i.embedder.EclipseLogger - skip non existing resourceDirectory C:\Users\Erick Brth\Desktop\CC\LEDA roteiros\R01-02-Rot-SimpleSorting-Bidirectional-Bubble-environment\src\test\resources
2021-07-22 16:59:25,645 [Worker-52: Building] WARN  o.e.m.c.i.embedder.EclipseLogger - Using platform encoding (Cp1252 actually) to copy filtered resources, i.e. build is platform dependent!
2021-07-22 16:59:25,645 [Worker-52: Building] INFO  o.e.m.c.i.embedder.EclipseLogger - skip non existing resourceDirectory C:\Users\Erick Brth\Desktop\CC\LEDA roteiros\R01-02-Rot-SimpleSorting-Bidirectional-Bubble-environment\src\main\resources
2021-07-22 16:59:25,646 [Worker-52: Building] WARN  o.e.m.c.i.embedder.EclipseLogger - Using platform encoding (Cp1252 actually) to copy filtered resources, i.e. build is platform dependent!
2021-07-22 16:59:25,647 [Worker-52: Building] INFO  o.e.m.c.i.embedder.EclipseLogger - skip non existing resourceDirectory C:\Users\Erick Brth\Desktop\CC\LEDA roteiros\R01-02-Rot-SimpleSorting-Bidirectional-Bubble-environment\src\test\resources
2021-07-22 16:59:27,880 [Worker-49: Building] WARN  o.e.m.c.i.embedder.EclipseLogger - Using platform encoding (Cp1252 actually) to copy filtered resources, i.e. build is platform dependent!
2021-07-22 16:59:27,880 [Worker-49: Building] INFO  o.e.m.c.i.embedder.EclipseLogger - skip non existing resourceDirectory C:\Users\Erick Brth\Desktop\CC\LEDA roteiros\R01-02-Rot-SimpleSorting-Bidirectional-Bubble-environment\src\main\resources
2021-07-22 16:59:27,881 [Worker-49: Building] WARN  o.e.m.c.i.embedder.EclipseLogger - Using platform encoding (Cp1252 actually) to copy filtered resources, i.e. build is platform dependent!
2021-07-22 16:59:27,881 [Worker-49: Building] INFO  o.e.m.c.i.embedder.EclipseLogger - skip non existing resourceDirectory C:\Users\Erick Brth\Desktop\CC\LEDA roteiros\R01-02-Rot-SimpleSorting-Bidirectional-Bubble-environment\src\test\resources
2021-07-22 17:00:54,984 [Worker-49: Building] WARN  o.e.m.c.i.embedder.EclipseLogger - Using platform encoding (Cp1252 actually) to copy filtered resources, i.e. build is platform dependent!
2021-07-22 17:00:54,985 [Worker-49: Building] INFO  o.e.m.c.i.embedder.EclipseLogger - skip non existing resourceDirectory C:\Users\Erick Brth\Desktop\CC\LEDA roteiros\R01-02-Rot-SimpleSorting-Bidirectional-Bubble-environment\src\main\resources
2021-07-22 17:00:54,985 [Worker-49: Building] WARN  o.e.m.c.i.embedder.EclipseLogger - Using platform encoding (Cp1252 actually) to copy filtered resources, i.e. build is platform dependent!
2021-07-22 17:00:54,986 [Worker-49: Building] INFO  o.e.m.c.i.embedder.EclipseLogger - skip non existing resourceDirectory C:\Users\Erick Brth\Desktop\CC\LEDA roteiros\R01-02-Rot-SimpleSorting-Bidirectional-Bubble-environment\src\test\resources
2021-07-22 17:01:07,023 [Worker-52: Building] WARN  o.e.m.c.i.embedder.EclipseLogger - Using platform encoding (Cp1252 actually) to copy filtered resources, i.e. build is platform dependent!
2021-07-22 17:01:07,024 [Worker-52: Building] INFO  o.e.m.c.i.embedder.EclipseLogger - skip non existing resourceDirectory C:\Users\Erick Brth\Desktop\CC\LEDA roteiros\R01-02-Rot-SimpleSorting-Bidirectional-Bubble-environment\src\main\resources
2021-07-22 17:01:07,024 [Worker-52: Building] WARN  o.e.m.c.i.embedder.EclipseLogger - Using platform encoding (Cp1252 actually) to copy filtered resources, i.e. build is platform dependent!
2021-07-22 17:01:07,025 [Worker-52: Building] INFO  o.e.m.c.i.embedder.EclipseLogger - skip non existing resourceDirectory C:\Users\Erick Brth\Desktop\CC\LEDA roteiros\R01-02-Rot-SimpleSorting-Bidirectional-Bubble-environment\src\test\resources
2021-07-22 17:03:01,687 [Worker-49: Building] WARN  o.e.m.c.i.embedder.EclipseLogger - Using platform encoding (Cp1252 actually) to copy filtered resources, i.e. build is platform dependent!
2021-07-22 17:03:01,688 [Worker-49: Building] INFO  o.e.m.c.i.embedder.EclipseLogger - skip non existing resourceDirectory C:\Users\Erick Brth\Desktop\CC\LEDA roteiros\R01-02-Rot-SimpleSorting-Bidirectional-Bubble-environment\src\main\resources
2021-07-22 17:03:01,689 [Worker-49: Building] WARN  o.e.m.c.i.embedder.EclipseLogger - Using platform encoding (Cp1252 actually) to copy filtered resources, i.e. build is platform dependent!
2021-07-22 17:03:01,689 [Worker-49: Building] INFO  o.e.m.c.i.embedder.EclipseLogger - skip non existing resourceDirectory C:\Users\Erick Brth\Desktop\CC\LEDA roteiros\R01-02-Rot-SimpleSorting-Bidirectional-Bubble-environment\src\test\resources
2021-07-22 17:03:18,048 [Worker-53: Building] WARN  o.e.m.c.i.embedder.EclipseLogger - Using platform encoding (Cp1252 actually) to copy filtered resources, i.e. build is platform dependent!
2021-07-22 17:03:18,048 [Worker-53: Building] INFO  o.e.m.c.i.embedder.EclipseLogger - skip non existing resourceDirectory C:\Users\Erick Brth\Desktop\CC\LEDA roteiros\R01-02-Rot-SimpleSorting-Bidirectional-Bubble-environment\src\main\resources
2021-07-22 17:03:18,049 [Worker-53: Building] WARN  o.e.m.c.i.embedder.EclipseLogger - Using platform encoding (Cp1252 actually) to copy filtered resources, i.e. build is platform dependent!
2021-07-22 17:03:18,050 [Worker-53: Building] INFO  o.e.m.c.i.embedder.EclipseLogger - skip non existing resourceDirectory C:\Users\Erick Brth\Desktop\CC\LEDA roteiros\R01-02-Rot-SimpleSorting-Bidirectional-Bubble-environment\src\test\resources
2021-07-22 17:03:32,861 [Worker-52: Building] WARN  o.e.m.c.i.embedder.EclipseLogger - Using platform encoding (Cp1252 actually) to copy filtered resources, i.e. build is platform dependent!
2021-07-22 17:03:32,861 [Worker-52: Building] INFO  o.e.m.c.i.embedder.EclipseLogger - skip non existing resourceDirectory C:\Users\Erick Brth\Desktop\CC\LEDA roteiros\R01-02-Rot-SimpleSorting-Bidirectional-Bubble-environment\src\main\resources
2021-07-22 17:03:32,862 [Worker-52: Building] WARN  o.e.m.c.i.embedder.EclipseLogger - Using platform encoding (Cp1252 actually) to copy filtered resources, i.e. build is platform dependent!
2021-07-22 17:03:32,863 [Worker-52: Building] INFO  o.e.m.c.i.embedder.EclipseLogger - skip non existing resourceDirectory C:\Users\Erick Brth\Desktop\CC\LEDA roteiros\R01-02-Rot-SimpleSorting-Bidirectional-Bubble-environment\src\test\resources
2021-07-22 17:07:55,750 [Worker-49: Building] WARN  o.e.m.c.i.embedder.EclipseLogger - Using platform encoding (Cp1252 actually) to copy filtered resources, i.e. build is platform dependent!
2021-07-22 17:07:55,750 [Worker-49: Building] INFO  o.e.m.c.i.embedder.EclipseLogger - skip non existing resourceDirectory C:\Users\Erick Brth\Desktop\CC\LEDA roteiros\R01-02-Rot-SimpleSorting-Bidirectional-Bubble-environment\src\main\resources
2021-07-22 17:07:55,751 [Worker-49: Building] WARN  o.e.m.c.i.embedder.EclipseLogger - Using platform encoding (Cp1252 actually) to copy filtered resources, i.e. build is platform dependent!
2021-07-22 17:07:55,752 [Worker-49: Building] INFO  o.e.m.c.i.embedder.EclipseLogger - skip non existing resourceDirectory C:\Users\Erick Brth\Desktop\CC\LEDA roteiros\R01-02-Rot-SimpleSorting-Bidirectional-Bubble-environment\src\test\resources
2021-07-22 17:11:26,042 [Worker-55: Building] WARN  o.e.m.c.i.embedder.EclipseLogger - Using platform encoding (Cp1252 actually) to copy filtered resources, i.e. build is platform dependent!
2021-07-22 17:11:26,043 [Worker-55: Building] INFO  o.e.m.c.i.embedder.EclipseLogger - skip non existing resourceDirectory C:\Users\Erick Brth\Desktop\CC\LEDA roteiros\R01-02-Rot-SimpleSorting-Bidirectional-Bubble-environment\src\main\resources
2021-07-22 17:11:26,044 [Worker-55: Building] WARN  o.e.m.c.i.embedder.EclipseLogger - Using platform encoding (Cp1252 actually) to copy filtered resources, i.e. build is platform dependent!
2021-07-22 17:11:26,044 [Worker-55: Building] INFO  o.e.m.c.i.embedder.EclipseLogger - skip non existing resourceDirectory C:\Users\Erick Brth\Desktop\CC\LEDA roteiros\R01-02-Rot-SimpleSorting-Bidirectional-Bubble-environment\src\test\resources
2021-07-22 17:11:35,072 [Worker-52: Building] WARN  o.e.m.c.i.embedder.EclipseLogger - Using platform encoding (Cp1252 actually) to copy filtered resources, i.e. build is platform dependent!
2021-07-22 17:11:35,073 [Worker-52: Building] INFO  o.e.m.c.i.embedder.EclipseLogger - skip non existing resourceDirectory C:\Users\Erick Brth\Desktop\CC\LEDA roteiros\R01-02-Rot-SimpleSorting-Bidirectional-Bubble-environment\src\main\resources
2021-07-22 17:11:35,073 [Worker-52: Building] WARN  o.e.m.c.i.embedder.EclipseLogger - Using platform encoding (Cp1252 actually) to copy filtered resources, i.e. build is platform dependent!
2021-07-22 17:11:35,074 [Worker-52: Building] INFO  o.e.m.c.i.embedder.EclipseLogger - skip non existing resourceDirectory C:\Users\Erick Brth\Desktop\CC\LEDA roteiros\R01-02-Rot-SimpleSorting-Bidirectional-Bubble-environment\src\test\resources
2021-07-22 17:12:28,582 [Worker-49: Building] WARN  o.e.m.c.i.embedder.EclipseLogger - Using platform encoding (Cp1252 actually) to copy filtered resources, i.e. build is platform dependent!
2021-07-22 17:12:28,583 [Worker-49: Building] INFO  o.e.m.c.i.embedder.EclipseLogger - skip non existing resourceDirectory C:\Users\Erick Brth\Desktop\CC\LEDA roteiros\R01-02-Rot-SimpleSorting-Bidirectional-Bubble-environment\src\main\resources
2021-07-22 17:12:28,584 [Worker-49: Building] WARN  o.e.m.c.i.embedder.EclipseLogger - Using platform encoding (Cp1252 actually) to copy filtered resources, i.e. build is platform dependent!
2021-07-22 17:12:28,584 [Worker-49: Building] INFO  o.e.m.c.i.embedder.EclipseLogger - skip non existing resourceDirectory C:\Users\Erick Brth\Desktop\CC\LEDA roteiros\R01-02-Rot-SimpleSorting-Bidirectional-Bubble-environment\src\test\resources
2021-07-22 17:12:58,117 [Worker-55: Building] WARN  o.e.m.c.i.embedder.EclipseLogger - Using platform encoding (Cp1252 actually) to copy filtered resources, i.e. build is platform dependent!
2021-07-22 17:12:58,118 [Worker-55: Building] INFO  o.e.m.c.i.embedder.EclipseLogger - skip non existing resourceDirectory C:\Users\Erick Brth\Desktop\CC\LEDA roteiros\R01-02-Rot-SimpleSorting-Bidirectional-Bubble-environment\src\main\resources
2021-07-22 17:12:58,118 [Worker-55: Building] WARN  o.e.m.c.i.embedder.EclipseLogger - Using platform encoding (Cp1252 actually) to copy filtered resources, i.e. build is platform dependent!
2021-07-22 17:12:58,119 [Worker-55: Building] INFO  o.e.m.c.i.embedder.EclipseLogger - skip non existing resourceDirectory C:\Users\Erick Brth\Desktop\CC\LEDA roteiros\R01-02-Rot-SimpleSorting-Bidirectional-Bubble-environment\src\test\resources
2021-07-22 17:13:28,814 [Worker-49: Building] WARN  o.e.m.c.i.embedder.EclipseLogger - Using platform encoding (Cp1252 actually) to copy filtered resources, i.e. build is platform dependent!
2021-07-22 17:13:28,815 [Worker-49: Building] INFO  o.e.m.c.i.embedder.EclipseLogger - skip non existing resourceDirectory C:\Users\Erick Brth\Desktop\CC\LEDA roteiros\R01-02-Rot-SimpleSorting-Bidirectional-Bubble-environment\src\main\resources
2021-07-22 17:13:28,816 [Worker-49: Building] WARN  o.e.m.c.i.embedder.EclipseLogger - Using platform encoding (Cp1252 actually) to copy filtered resources, i.e. build is platform dependent!
2021-07-22 17:13:28,816 [Worker-49: Building] INFO  o.e.m.c.i.embedder.EclipseLogger - skip non existing resourceDirectory C:\Users\Erick Brth\Desktop\CC\LEDA roteiros\R01-02-Rot-SimpleSorting-Bidirectional-Bubble-environment\src\test\resources
2021-07-22 17:14:02,207 [Worker-52: Building] WARN  o.e.m.c.i.embedder.EclipseLogger - Using platform encoding (Cp1252 actually) to copy filtered resources, i.e. build is platform dependent!
2021-07-22 17:14:02,207 [Worker-52: Building] INFO  o.e.m.c.i.embedder.EclipseLogger - skip non existing resourceDirectory C:\Users\Erick Brth\Desktop\CC\LEDA roteiros\R01-02-Rot-SimpleSorting-Bidirectional-Bubble-environment\src\main\resources
2021-07-22 17:14:02,208 [Worker-52: Building] WARN  o.e.m.c.i.embedder.EclipseLogger - Using platform encoding (Cp1252 actually) to copy filtered resources, i.e. build is platform dependent!
2021-07-22 17:14:02,208 [Worker-52: Building] INFO  o.e.m.c.i.embedder.EclipseLogger - skip non existing resourceDirectory C:\Users\Erick Brth\Desktop\CC\LEDA roteiros\R01-02-Rot-SimpleSorting-Bidirectional-Bubble-environment\src\test\resources
2021-07-22 17:14:39,253 [Worker-54: Building] WARN  o.e.m.c.i.embedder.EclipseLogger - Using platform encoding (Cp1252 actually) to copy filtered resources, i.e. build is platform dependent!
2021-07-22 17:14:39,253 [Worker-54: Building] INFO  o.e.m.c.i.embedder.EclipseLogger - skip non existing resourceDirectory C:\Users\Erick Brth\Desktop\CC\LEDA roteiros\R01-02-Rot-SimpleSorting-Bidirectional-Bubble-environment\src\main\resources
2021-07-22 17:14:39,254 [Worker-54: Building] WARN  o.e.m.c.i.embedder.EclipseLogger - Using platform encoding (Cp1252 actually) to copy filtered resources, i.e. build is platform dependent!
2021-07-22 17:14:39,255 [Worker-54: Building] INFO  o.e.m.c.i.embedder.EclipseLogger - skip non existing resourceDirectory C:\Users\Erick Brth\Desktop\CC\LEDA roteiros\R01-02-Rot-SimpleSorting-Bidirectional-Bubble-environment\src\test\resources
2021-07-22 17:14:48,458 [Worker-49: Launching StudentSortingTest] WARN  o.e.m.c.i.embedder.EclipseLogger - Using platform encoding (Cp1252 actually) to copy filtered resources, i.e. build is platform dependent!
2021-07-22 17:14:48,459 [Worker-49: Launching StudentSortingTest] INFO  o.e.m.c.i.embedder.EclipseLogger - skip non existing resourceDirectory C:\Users\Erick Brth\Desktop\CC\LEDA roteiros\R01-02-Rot-SimpleSorting-Bidirectional-Bubble-environment\src\main\resources
2021-07-22 17:14:48,459 [Worker-49: Launching StudentSortingTest] WARN  o.e.m.c.i.embedder.EclipseLogger - Using platform encoding (Cp1252 actually) to copy filtered resources, i.e. build is platform dependent!
2021-07-22 17:14:48,460 [Worker-49: Launching StudentSortingTest] INFO  o.e.m.c.i.embedder.EclipseLogger - skip non existing resourceDirectory C:\Users\Erick Brth\Desktop\CC\LEDA roteiros\R01-02-Rot-SimpleSorting-Bidirectional-Bubble-environment\src\test\resources
2021-07-22 17:14:52,221 [Worker-49: Building] WARN  o.e.m.c.i.embedder.EclipseLogger - Using platform encoding (Cp1252 actually) to copy filtered resources, i.e. build is platform dependent!
2021-07-22 17:14:52,222 [Worker-49: Building] INFO  o.e.m.c.i.embedder.EclipseLogger - skip non existing resourceDirectory C:\Users\Erick Brth\Desktop\CC\LEDA roteiros\R01-02-Rot-SimpleSorting-Bidirectional-Bubble-environment\src\main\resources
2021-07-22 17:14:52,223 [Worker-49: Building] WARN  o.e.m.c.i.embedder.EclipseLogger - Using platform encoding (Cp1252 actually) to copy filtered resources, i.e. build is platform dependent!
2021-07-22 17:14:52,224 [Worker-49: Building] INFO  o.e.m.c.i.embedder.EclipseLogger - skip non existing resourceDirectory C:\Users\Erick Brth\Desktop\CC\LEDA roteiros\R01-02-Rot-SimpleSorting-Bidirectional-Bubble-environment\src\test\resources
2021-07-22 17:14:55,289 [Worker-49: Building] WARN  o.e.m.c.i.embedder.EclipseLogger - Using platform encoding (Cp1252 actually) to copy filtered resources, i.e. build is platform dependent!
2021-07-22 17:14:55,290 [Worker-49: Building] INFO  o.e.m.c.i.embedder.EclipseLogger - skip non existing resourceDirectory C:\Users\Erick Brth\Desktop\CC\LEDA roteiros\R01-02-Rot-SimpleSorting-Bidirectional-Bubble-environment\src\main\resources
2021-07-22 17:14:55,291 [Worker-49: Building] WARN  o.e.m.c.i.embedder.EclipseLogger - Using platform encoding (Cp1252 actually) to copy filtered resources, i.e. build is platform dependent!
2021-07-22 17:14:55,291 [Worker-49: Building] INFO  o.e.m.c.i.embedder.EclipseLogger - skip non existing resourceDirectory C:\Users\Erick Brth\Desktop\CC\LEDA roteiros\R01-02-Rot-SimpleSorting-Bidirectional-Bubble-environment\src\test\resources
2021-07-22 17:15:00,786 [Worker-46: Building] WARN  o.e.m.c.i.embedder.EclipseLogger - Using platform encoding (Cp1252 actually) to copy filtered resources, i.e. build is platform dependent!
2021-07-22 17:15:00,786 [Worker-46: Building] INFO  o.e.m.c.i.embedder.EclipseLogger - skip non existing resourceDirectory C:\Users\Erick Brth\Desktop\CC\LEDA roteiros\R01-02-Rot-SimpleSorting-Bidirectional-Bubble-environment\src\main\resources
2021-07-22 17:15:00,787 [Worker-46: Building] WARN  o.e.m.c.i.embedder.EclipseLogger - Using platform encoding (Cp1252 actually) to copy filtered resources, i.e. build is platform dependent!
2021-07-22 17:15:00,787 [Worker-46: Building] INFO  o.e.m.c.i.embedder.EclipseLogger - skip non existing resourceDirectory C:\Users\Erick Brth\Desktop\CC\LEDA roteiros\R01-02-Rot-SimpleSorting-Bidirectional-Bubble-environment\src\test\resources
2021-07-22 17:15:06,811 [Worker-46: Building] WARN  o.e.m.c.i.embedder.EclipseLogger - Using platform encoding (Cp1252 actually) to copy filtered resources, i.e. build is platform dependent!
2021-07-22 17:15:06,812 [Worker-46: Building] INFO  o.e.m.c.i.embedder.EclipseLogger - skip non existing resourceDirectory C:\Users\Erick Brth\Desktop\CC\LEDA roteiros\R01-02-Rot-SimpleSorting-Bidirectional-Bubble-environment\src\main\resources
2021-07-22 17:15:06,812 [Worker-46: Building] WARN  o.e.m.c.i.embedder.EclipseLogger - Using platform encoding (Cp1252 actually) to copy filtered resources, i.e. build is platform dependent!
2021-07-22 17:15:06,813 [Worker-46: Building] INFO  o.e.m.c.i.embedder.EclipseLogger - skip non existing resourceDirectory C:\Users\Erick Brth\Desktop\CC\LEDA roteiros\R01-02-Rot-SimpleSorting-Bidirectional-Bubble-environment\src\test\resources
2021-07-22 17:15:12,821 [Worker-54: Building] WARN  o.e.m.c.i.embedder.EclipseLogger - Using platform encoding (Cp1252 actually) to copy filtered resources, i.e. build is platform dependent!
2021-07-22 17:15:12,822 [Worker-54: Building] INFO  o.e.m.c.i.embedder.EclipseLogger - skip non existing resourceDirectory C:\Users\Erick Brth\Desktop\CC\LEDA roteiros\R01-02-Rot-SimpleSorting-Bidirectional-Bubble-environment\src\main\resources
2021-07-22 17:15:12,822 [Worker-54: Building] WARN  o.e.m.c.i.embedder.EclipseLogger - Using platform encoding (Cp1252 actually) to copy filtered resources, i.e. build is platform dependent!
2021-07-22 17:15:12,823 [Worker-54: Building] INFO  o.e.m.c.i.embedder.EclipseLogger - skip non existing resourceDirectory C:\Users\Erick Brth\Desktop\CC\LEDA roteiros\R01-02-Rot-SimpleSorting-Bidirectional-Bubble-environment\src\test\resources
2021-07-22 17:16:38,427 [Worker-46: Building] WARN  o.e.m.c.i.embedder.EclipseLogger - Using platform encoding (Cp1252 actually) to copy filtered resources, i.e. build is platform dependent!
2021-07-22 17:16:38,427 [Worker-46: Building] INFO  o.e.m.c.i.embedder.EclipseLogger - skip non existing resourceDirectory C:\Users\Erick Brth\Desktop\CC\LEDA roteiros\R01-02-Rot-SimpleSorting-Bidirectional-Bubble-environment\src\main\resources
2021-07-22 17:16:38,428 [Worker-46: Building] WARN  o.e.m.c.i.embedder.EclipseLogger - Using platform encoding (Cp1252 actually) to copy filtered resources, i.e. build is platform dependent!
2021-07-22 17:16:38,429 [Worker-46: Building] INFO  o.e.m.c.i.embedder.EclipseLogger - skip non existing resourceDirectory C:\Users\Erick Brth\Desktop\CC\LEDA roteiros\R01-02-Rot-SimpleSorting-Bidirectional-Bubble-environment\src\test\resources
2021-07-22 17:16:49,014 [Worker-47: Building] WARN  o.e.m.c.i.embedder.EclipseLogger - Using platform encoding (Cp1252 actually) to copy filtered resources, i.e. build is platform dependent!
2021-07-22 17:16:49,014 [Worker-47: Building] INFO  o.e.m.c.i.embedder.EclipseLogger - skip non existing resourceDirectory C:\Users\Erick Brth\Desktop\CC\LEDA roteiros\R01-02-Rot-SimpleSorting-Bidirectional-Bubble-environment\src\main\resources
2021-07-22 17:16:49,015 [Worker-47: Building] WARN  o.e.m.c.i.embedder.EclipseLogger - Using platform encoding (Cp1252 actually) to copy filtered resources, i.e. build is platform dependent!
2021-07-22 17:16:49,015 [Worker-47: Building] INFO  o.e.m.c.i.embedder.EclipseLogger - skip non existing resourceDirectory C:\Users\Erick Brth\Desktop\CC\LEDA roteiros\R01-02-Rot-SimpleSorting-Bidirectional-Bubble-environment\src\test\resources
2021-07-22 17:20:32,407 [Worker-52: Building] WARN  o.e.m.c.i.embedder.EclipseLogger - Using platform encoding (Cp1252 actually) to copy filtered resources, i.e. build is platform dependent!
2021-07-22 17:20:32,408 [Worker-52: Building] INFO  o.e.m.c.i.embedder.EclipseLogger - skip non existing resourceDirectory C:\Users\Erick Brth\Desktop\CC\LEDA roteiros\R01-02-Rot-SimpleSorting-Bidirectional-Bubble-environment\src\main\resources
2021-07-22 17:20:32,409 [Worker-52: Building] WARN  o.e.m.c.i.embedder.EclipseLogger - Using platform encoding (Cp1252 actually) to copy filtered resources, i.e. build is platform dependent!
2021-07-22 17:20:32,410 [Worker-52: Building] INFO  o.e.m.c.i.embedder.EclipseLogger - skip non existing resourceDirectory C:\Users\Erick Brth\Desktop\CC\LEDA roteiros\R01-02-Rot-SimpleSorting-Bidirectional-Bubble-environment\src\test\resources
2021-07-22 17:20:39,264 [Worker-47: Building] WARN  o.e.m.c.i.embedder.EclipseLogger - Using platform encoding (Cp1252 actually) to copy filtered resources, i.e. build is platform dependent!
2021-07-22 17:20:39,265 [Worker-47: Building] INFO  o.e.m.c.i.embedder.EclipseLogger - skip non existing resourceDirectory C:\Users\Erick Brth\Desktop\CC\LEDA roteiros\R01-02-Rot-SimpleSorting-Bidirectional-Bubble-environment\src\main\resources
2021-07-22 17:20:39,266 [Worker-47: Building] WARN  o.e.m.c.i.embedder.EclipseLogger - Using platform encoding (Cp1252 actually) to copy filtered resources, i.e. build is platform dependent!
2021-07-22 17:20:39,266 [Worker-47: Building] INFO  o.e.m.c.i.embedder.EclipseLogger - skip non existing resourceDirectory C:\Users\Erick Brth\Desktop\CC\LEDA roteiros\R01-02-Rot-SimpleSorting-Bidirectional-Bubble-environment\src\test\resources
2021-07-22 17:20:51,328 [Worker-47: Building] WARN  o.e.m.c.i.embedder.EclipseLogger - Using platform encoding (Cp1252 actually) to copy filtered resources, i.e. build is platform dependent!
2021-07-22 17:20:51,329 [Worker-47: Building] INFO  o.e.m.c.i.embedder.EclipseLogger - skip non existing resourceDirectory C:\Users\Erick Brth\Desktop\CC\LEDA roteiros\R01-02-Rot-SimpleSorting-Bidirectional-Bubble-environment\src\main\resources
2021-07-22 17:20:51,329 [Worker-47: Building] WARN  o.e.m.c.i.embedder.EclipseLogger - Using platform encoding (Cp1252 actually) to copy filtered resources, i.e. build is platform dependent!
2021-07-22 17:20:51,330 [Worker-47: Building] INFO  o.e.m.c.i.embedder.EclipseLogger - skip non existing resourceDirectory C:\Users\Erick Brth\Desktop\CC\LEDA roteiros\R01-02-Rot-SimpleSorting-Bidirectional-Bubble-environment\src\test\resources
2021-07-22 17:24:11,737 [Worker-58: Building] WARN  o.e.m.c.i.embedder.EclipseLogger - Using platform encoding (Cp1252 actually) to copy filtered resources, i.e. build is platform dependent!
2021-07-22 17:24:11,738 [Worker-58: Building] INFO  o.e.m.c.i.embedder.EclipseLogger - skip non existing resourceDirectory C:\Users\Erick Brth\Desktop\CC\LEDA roteiros\R01-02-Rot-SimpleSorting-Bidirectional-Bubble-environment\src\main\resources
2021-07-22 17:24:11,739 [Worker-58: Building] WARN  o.e.m.c.i.embedder.EclipseLogger - Using platform encoding (Cp1252 actually) to copy filtered resources, i.e. build is platform dependent!
2021-07-22 17:24:11,739 [Worker-58: Building] INFO  o.e.m.c.i.embedder.EclipseLogger - skip non existing resourceDirectory C:\Users\Erick Brth\Desktop\CC\LEDA roteiros\R01-02-Rot-SimpleSorting-Bidirectional-Bubble-environment\src\test\resources
2021-07-22 17:24:28,066 [Worker-61: Building] WARN  o.e.m.c.i.embedder.EclipseLogger - Using platform encoding (Cp1252 actually) to copy filtered resources, i.e. build is platform dependent!
2021-07-22 17:24:28,067 [Worker-61: Building] INFO  o.e.m.c.i.embedder.EclipseLogger - skip non existing resourceDirectory C:\Users\Erick Brth\Desktop\CC\LEDA roteiros\R01-02-Rot-SimpleSorting-Bidirectional-Bubble-environment\src\main\resources
2021-07-22 17:24:28,068 [Worker-61: Building] WARN  o.e.m.c.i.embedder.EclipseLogger - Using platform encoding (Cp1252 actually) to copy filtered resources, i.e. build is platform dependent!
2021-07-22 17:24:28,069 [Worker-61: Building] INFO  o.e.m.c.i.embedder.EclipseLogger - skip non existing resourceDirectory C:\Users\Erick Brth\Desktop\CC\LEDA roteiros\R01-02-Rot-SimpleSorting-Bidirectional-Bubble-environment\src\test\resources
2021-07-22 17:25:49,223 [Worker-58: Building] WARN  o.e.m.c.i.embedder.EclipseLogger - Using platform encoding (Cp1252 actually) to copy filtered resources, i.e. build is platform dependent!
2021-07-22 17:25:49,224 [Worker-58: Building] INFO  o.e.m.c.i.embedder.EclipseLogger - skip non existing resourceDirectory C:\Users\Erick Brth\Desktop\CC\LEDA roteiros\R01-02-Rot-SimpleSorting-Bidirectional-Bubble-environment\src\main\resources
2021-07-22 17:25:49,224 [Worker-58: Building] WARN  o.e.m.c.i.embedder.EclipseLogger - Using platform encoding (Cp1252 actually) to copy filtered resources, i.e. build is platform dependent!
2021-07-22 17:25:49,225 [Worker-58: Building] INFO  o.e.m.c.i.embedder.EclipseLogger - skip non existing resourceDirectory C:\Users\Erick Brth\Desktop\CC\LEDA roteiros\R01-02-Rot-SimpleSorting-Bidirectional-Bubble-environment\src\test\resources
2021-07-22 17:27:00,689 [Worker-49: Building] WARN  o.e.m.c.i.embedder.EclipseLogger - Using platform encoding (Cp1252 actually) to copy filtered resources, i.e. build is platform dependent!
2021-07-22 17:27:00,690 [Worker-49: Building] INFO  o.e.m.c.i.embedder.EclipseLogger - skip non existing resourceDirectory C:\Users\Erick Brth\Desktop\CC\LEDA roteiros\R01-02-Rot-SimpleSorting-Bidirectional-Bubble-environment\src\main\resources
2021-07-22 17:27:00,690 [Worker-49: Building] WARN  o.e.m.c.i.embedder.EclipseLogger - Using platform encoding (Cp1252 actually) to copy filtered resources, i.e. build is platform dependent!
2021-07-22 17:27:00,691 [Worker-49: Building] INFO  o.e.m.c.i.embedder.EclipseLogger - skip non existing resourceDirectory C:\Users\Erick Brth\Desktop\CC\LEDA roteiros\R01-02-Rot-SimpleSorting-Bidirectional-Bubble-environment\src\test\resources
2021-07-22 17:27:04,813 [Worker-49: Building] WARN  o.e.m.c.i.embedder.EclipseLogger - Using platform encoding (Cp1252 actually) to copy filtered resources, i.e. build is platform dependent!
2021-07-22 17:27:04,814 [Worker-49: Building] INFO  o.e.m.c.i.embedder.EclipseLogger - skip non existing resourceDirectory C:\Users\Erick Brth\Desktop\CC\LEDA roteiros\R01-02-Rot-SimpleSorting-Bidirectional-Bubble-environment\src\main\resources
2021-07-22 17:27:04,814 [Worker-49: Building] WARN  o.e.m.c.i.embedder.EclipseLogger - Using platform encoding (Cp1252 actually) to copy filtered resources, i.e. build is platform dependent!
2021-07-22 17:27:04,815 [Worker-49: Building] INFO  o.e.m.c.i.embedder.EclipseLogger - skip non existing resourceDirectory C:\Users\Erick Brth\Desktop\CC\LEDA roteiros\R01-02-Rot-SimpleSorting-Bidirectional-Bubble-environment\src\test\resources
2021-07-22 17:27:39,353 [Worker-60: Building] WARN  o.e.m.c.i.embedder.EclipseLogger - Using platform encoding (Cp1252 actually) to copy filtered resources, i.e. build is platform dependent!
2021-07-22 17:27:39,353 [Worker-60: Building] INFO  o.e.m.c.i.embedder.EclipseLogger - skip non existing resourceDirectory C:\Users\Erick Brth\Desktop\CC\LEDA roteiros\R01-02-Rot-SimpleSorting-Bidirectional-Bubble-environment\src\main\resources
2021-07-22 17:27:39,354 [Worker-60: Building] WARN  o.e.m.c.i.embedder.EclipseLogger - Using platform encoding (Cp1252 actually) to copy filtered resources, i.e. build is platform dependent!
2021-07-22 17:27:39,354 [Worker-60: Building] INFO  o.e.m.c.i.embedder.EclipseLogger - skip non existing resourceDirectory C:\Users\Erick Brth\Desktop\CC\LEDA roteiros\R01-02-Rot-SimpleSorting-Bidirectional-Bubble-environment\src\test\resources
2021-07-22 17:28:35,535 [Worker-54: Building] WARN  o.e.m.c.i.embedder.EclipseLogger - Using platform encoding (Cp1252 actually) to copy filtered resources, i.e. build is platform dependent!
2021-07-22 17:28:35,536 [Worker-54: Building] INFO  o.e.m.c.i.embedder.EclipseLogger - skip non existing resourceDirectory C:\Users\Erick Brth\Desktop\CC\LEDA roteiros\R01-02-Rot-SimpleSorting-Bidirectional-Bubble-environment\src\main\resources
2021-07-22 17:28:35,537 [Worker-54: Building] WARN  o.e.m.c.i.embedder.EclipseLogger - Using platform encoding (Cp1252 actually) to copy filtered resources, i.e. build is platform dependent!
2021-07-22 17:28:35,537 [Worker-54: Building] INFO  o.e.m.c.i.embedder.EclipseLogger - skip non existing resourceDirectory C:\Users\Erick Brth\Desktop\CC\LEDA roteiros\R01-02-Rot-SimpleSorting-Bidirectional-Bubble-environment\src\test\resources
2021-07-22 17:29:29,898 [Worker-61: Building] WARN  o.e.m.c.i.embedder.EclipseLogger - Using platform encoding (Cp1252 actually) to copy filtered resources, i.e. build is platform dependent!
2021-07-22 17:29:29,899 [Worker-61: Building] INFO  o.e.m.c.i.embedder.EclipseLogger - skip non existing resourceDirectory C:\Users\Erick Brth\Desktop\CC\LEDA roteiros\R01-02-Rot-SimpleSorting-Bidirectional-Bubble-environment\src\main\resources
2021-07-22 17:29:29,900 [Worker-61: Building] WARN  o.e.m.c.i.embedder.EclipseLogger - Using platform encoding (Cp1252 actually) to copy filtered resources, i.e. build is platform dependent!
2021-07-22 17:29:29,900 [Worker-61: Building] INFO  o.e.m.c.i.embedder.EclipseLogger - skip non existing resourceDirectory C:\Users\Erick Brth\Desktop\CC\LEDA roteiros\R01-02-Rot-SimpleSorting-Bidirectional-Bubble-environment\src\test\resources
2021-07-22 17:30:00,015 [Worker-46: Building] WARN  o.e.m.c.i.embedder.EclipseLogger - Using platform encoding (Cp1252 actually) to copy filtered resources, i.e. build is platform dependent!
2021-07-22 17:30:00,015 [Worker-46: Building] INFO  o.e.m.c.i.embedder.EclipseLogger - skip non existing resourceDirectory C:\Users\Erick Brth\Desktop\CC\LEDA roteiros\R01-02-Rot-SimpleSorting-Bidirectional-Bubble-environment\src\main\resources
2021-07-22 17:30:00,015 [Worker-46: Building] WARN  o.e.m.c.i.embedder.EclipseLogger - Using platform encoding (Cp1252 actually) to copy filtered resources, i.e. build is platform dependent!
2021-07-22 17:30:00,016 [Worker-46: Building] INFO  o.e.m.c.i.embedder.EclipseLogger - skip non existing resourceDirectory C:\Users\Erick Brth\Desktop\CC\LEDA roteiros\R01-02-Rot-SimpleSorting-Bidirectional-Bubble-environment\src\test\resources
2021-07-22 17:32:10,577 [Worker-47: Building] WARN  o.e.m.c.i.embedder.EclipseLogger - Using platform encoding (Cp1252 actually) to copy filtered resources, i.e. build is platform dependent!
2021-07-22 17:32:10,578 [Worker-47: Building] INFO  o.e.m.c.i.embedder.EclipseLogger - skip non existing resourceDirectory C:\Users\Erick Brth\Desktop\CC\LEDA roteiros\R01-02-Rot-SimpleSorting-Bidirectional-Bubble-environment\src\main\resources
2021-07-22 17:32:10,579 [Worker-47: Building] WARN  o.e.m.c.i.embedder.EclipseLogger - Using platform encoding (Cp1252 actually) to copy filtered resources, i.e. build is platform dependent!
2021-07-22 17:32:10,579 [Worker-47: Building] INFO  o.e.m.c.i.embedder.EclipseLogger - skip non existing resourceDirectory C:\Users\Erick Brth\Desktop\CC\LEDA roteiros\R01-02-Rot-SimpleSorting-Bidirectional-Bubble-environment\src\test\resources
2021-07-22 17:32:20,610 [Worker-46: Building] WARN  o.e.m.c.i.embedder.EclipseLogger - Using platform encoding (Cp1252 actually) to copy filtered resources, i.e. build is platform dependent!
2021-07-22 17:32:20,611 [Worker-46: Building] INFO  o.e.m.c.i.embedder.EclipseLogger - skip non existing resourceDirectory C:\Users\Erick Brth\Desktop\CC\LEDA roteiros\R01-02-Rot-SimpleSorting-Bidirectional-Bubble-environment\src\main\resources
2021-07-22 17:32:20,612 [Worker-46: Building] WARN  o.e.m.c.i.embedder.EclipseLogger - Using platform encoding (Cp1252 actually) to copy filtered resources, i.e. build is platform dependent!
2021-07-22 17:32:20,612 [Worker-46: Building] INFO  o.e.m.c.i.embedder.EclipseLogger - skip non existing resourceDirectory C:\Users\Erick Brth\Desktop\CC\LEDA roteiros\R01-02-Rot-SimpleSorting-Bidirectional-Bubble-environment\src\test\resources
2021-07-22 17:33:50,295 [Worker-49: Building] WARN  o.e.m.c.i.embedder.EclipseLogger - Using platform encoding (Cp1252 actually) to copy filtered resources, i.e. build is platform dependent!
2021-07-22 17:33:50,295 [Worker-49: Building] INFO  o.e.m.c.i.embedder.EclipseLogger - skip non existing resourceDirectory C:\Users\Erick Brth\Desktop\CC\LEDA roteiros\R01-02-Rot-SimpleSorting-Bidirectional-Bubble-environment\src\main\resources
2021-07-22 17:33:50,296 [Worker-49: Building] WARN  o.e.m.c.i.embedder.EclipseLogger - Using platform encoding (Cp1252 actually) to copy filtered resources, i.e. build is platform dependent!
2021-07-22 17:33:50,296 [Worker-49: Building] INFO  o.e.m.c.i.embedder.EclipseLogger - skip non existing resourceDirectory C:\Users\Erick Brth\Desktop\CC\LEDA roteiros\R01-02-Rot-SimpleSorting-Bidirectional-Bubble-environment\src\test\resources
2021-07-22 17:34:10,810 [Worker-56: Building] WARN  o.e.m.c.i.embedder.EclipseLogger - Using platform encoding (Cp1252 actually) to copy filtered resources, i.e. build is platform dependent!
2021-07-22 17:34:10,811 [Worker-56: Building] INFO  o.e.m.c.i.embedder.EclipseLogger - skip non existing resourceDirectory C:\Users\Erick Brth\Desktop\CC\LEDA roteiros\R01-02-Rot-SimpleSorting-Bidirectional-Bubble-environment\src\main\resources
2021-07-22 17:34:10,812 [Worker-56: Building] WARN  o.e.m.c.i.embedder.EclipseLogger - Using platform encoding (Cp1252 actually) to copy filtered resources, i.e. build is platform dependent!
2021-07-22 17:34:10,812 [Worker-56: Building] INFO  o.e.m.c.i.embedder.EclipseLogger - skip non existing resourceDirectory C:\Users\Erick Brth\Desktop\CC\LEDA roteiros\R01-02-Rot-SimpleSorting-Bidirectional-Bubble-environment\src\test\resources
2021-07-22 17:35:01,390 [Worker-57: Building] WARN  o.e.m.c.i.embedder.EclipseLogger - Using platform encoding (Cp1252 actually) to copy filtered resources, i.e. build is platform dependent!
2021-07-22 17:35:01,391 [Worker-57: Building] INFO  o.e.m.c.i.embedder.EclipseLogger - skip non existing resourceDirectory C:\Users\Erick Brth\Desktop\CC\LEDA roteiros\R01-02-Rot-SimpleSorting-Bidirectional-Bubble-environment\src\main\resources
2021-07-22 17:35:01,392 [Worker-57: Building] WARN  o.e.m.c.i.embedder.EclipseLogger - Using platform encoding (Cp1252 actually) to copy filtered resources, i.e. build is platform dependent!
2021-07-22 17:35:01,393 [Worker-57: Building] INFO  o.e.m.c.i.embedder.EclipseLogger - skip non existing resourceDirectory C:\Users\Erick Brth\Desktop\CC\LEDA roteiros\R01-02-Rot-SimpleSorting-Bidirectional-Bubble-environment\src\test\resources
2021-07-22 17:35:33,347 [Worker-6: Building] WARN  o.e.m.c.i.embedder.EclipseLogger - Using platform encoding (Cp1252 actually) to copy filtered resources, i.e. build is platform dependent!
2021-07-22 17:35:33,350 [Worker-6: Building] INFO  o.e.m.c.i.embedder.EclipseLogger - skip non existing resourceDirectory C:\Users\Erick Brth\Desktop\CC\LEDA roteiros\R01-02-Rot-SimpleSorting-Bidirectional-Bubble-environment\src\main\resources
2021-07-22 17:35:33,352 [Worker-6: Building] WARN  o.e.m.c.i.embedder.EclipseLogger - Using platform encoding (Cp1252 actually) to copy filtered resources, i.e. build is platform dependent!
2021-07-22 17:35:33,353 [Worker-6: Building] INFO  o.e.m.c.i.embedder.EclipseLogger - skip non existing resourceDirectory C:\Users\Erick Brth\Desktop\CC\LEDA roteiros\R01-02-Rot-SimpleSorting-Bidirectional-Bubble-environment\src\test\resources
2021-07-22 17:35:40,531 [Worker-9: Loading available Gradle versions] INFO  o.e.b.c.i.u.g.PublishedGradleVersions - Gradle version information cache is up-to-date. Trying to read.
2021-07-22 17:35:49,504 [Worker-4: Building] WARN  o.e.m.c.i.embedder.EclipseLogger - Using platform encoding (Cp1252 actually) to copy filtered resources, i.e. build is platform dependent!
2021-07-22 17:35:49,505 [Worker-4: Building] INFO  o.e.m.c.i.embedder.EclipseLogger - skip non existing resourceDirectory C:\Users\Erick Brth\Desktop\CC\LEDA roteiros\R01-02-Rot-SimpleSorting-Bidirectional-Bubble-environment\src\main\resources
2021-07-22 17:35:49,506 [Worker-4: Building] WARN  o.e.m.c.i.embedder.EclipseLogger - Using platform encoding (Cp1252 actually) to copy filtered resources, i.e. build is platform dependent!
2021-07-22 17:35:49,506 [Worker-4: Building] INFO  o.e.m.c.i.embedder.EclipseLogger - skip non existing resourceDirectory C:\Users\Erick Brth\Desktop\CC\LEDA roteiros\R01-02-Rot-SimpleSorting-Bidirectional-Bubble-environment\src\test\resources
2021-07-22 17:36:18,476 [Worker-1: Building] WARN  o.e.m.c.i.embedder.EclipseLogger - Using platform encoding (Cp1252 actually) to copy filtered resources, i.e. build is platform dependent!
2021-07-22 17:36:18,477 [Worker-1: Building] INFO  o.e.m.c.i.embedder.EclipseLogger - skip non existing resourceDirectory C:\Users\Erick Brth\Desktop\CC\LEDA roteiros\R01-02-Rot-SimpleSorting-Bidirectional-Bubble-environment\src\main\resources
2021-07-22 17:36:18,479 [Worker-1: Building] WARN  o.e.m.c.i.embedder.EclipseLogger - Using platform encoding (Cp1252 actually) to copy filtered resources, i.e. build is platform dependent!
2021-07-22 17:36:18,479 [Worker-1: Building] INFO  o.e.m.c.i.embedder.EclipseLogger - skip non existing resourceDirectory C:\Users\Erick Brth\Desktop\CC\LEDA roteiros\R01-02-Rot-SimpleSorting-Bidirectional-Bubble-environment\src\test\resources
2021-07-22 17:36:56,460 [Worker-14: Building] WARN  o.e.m.c.i.embedder.EclipseLogger - Using platform encoding (Cp1252 actually) to copy filtered resources, i.e. build is platform dependent!
2021-07-22 17:36:56,461 [Worker-14: Building] INFO  o.e.m.c.i.embedder.EclipseLogger - skip non existing resourceDirectory C:\Users\Erick Brth\Desktop\CC\LEDA roteiros\R01-02-Rot-SimpleSorting-Bidirectional-Bubble-environment\src\main\resources
2021-07-22 17:36:56,462 [Worker-14: Building] WARN  o.e.m.c.i.embedder.EclipseLogger - Using platform encoding (Cp1252 actually) to copy filtered resources, i.e. build is platform dependent!
2021-07-22 17:36:56,463 [Worker-14: Building] INFO  o.e.m.c.i.embedder.EclipseLogger - skip non existing resourceDirectory C:\Users\Erick Brth\Desktop\CC\LEDA roteiros\R01-02-Rot-SimpleSorting-Bidirectional-Bubble-environment\src\test\resources
2021-07-22 17:37:03,665 [Worker-14: Building] WARN  o.e.m.c.i.embedder.EclipseLogger - Using platform encoding (Cp1252 actually) to copy filtered resources, i.e. build is platform dependent!
2021-07-22 17:37:03,666 [Worker-14: Building] INFO  o.e.m.c.i.embedder.EclipseLogger - skip non existing resourceDirectory C:\Users\Erick Brth\Desktop\CC\LEDA roteiros\R01-02-Rot-SimpleSorting-Bidirectional-Bubble-environment\src\main\resources
2021-07-22 17:37:03,667 [Worker-14: Building] WARN  o.e.m.c.i.embedder.EclipseLogger - Using platform encoding (Cp1252 actually) to copy filtered resources, i.e. build is platform dependent!
2021-07-22 17:37:03,668 [Worker-14: Building] INFO  o.e.m.c.i.embedder.EclipseLogger - skip non existing resourceDirectory C:\Users\Erick Brth\Desktop\CC\LEDA roteiros\R01-02-Rot-SimpleSorting-Bidirectional-Bubble-environment\src\test\resources
2021-07-22 17:39:27,175 [Worker-3: Building] WARN  o.e.m.c.i.embedder.EclipseLogger - Using platform encoding (Cp1252 actually) to copy filtered resources, i.e. build is platform dependent!
2021-07-22 17:39:27,176 [Worker-3: Building] INFO  o.e.m.c.i.embedder.EclipseLogger - skip non existing resourceDirectory C:\Users\Erick Brth\Desktop\CC\LEDA roteiros\R01-02-Rot-SimpleSorting-Bidirectional-Bubble-environment\src\main\resources
2021-07-22 17:39:27,177 [Worker-3: Building] WARN  o.e.m.c.i.embedder.EclipseLogger - Using platform encoding (Cp1252 actually) to copy filtered resources, i.e. build is platform dependent!
2021-07-22 17:39:27,178 [Worker-3: Building] INFO  o.e.m.c.i.embedder.EclipseLogger - skip non existing resourceDirectory C:\Users\Erick Brth\Desktop\CC\LEDA roteiros\R01-02-Rot-SimpleSorting-Bidirectional-Bubble-environment\src\test\resources
2021-07-22 17:39:29,625 [Worker-2: Building] WARN  o.e.m.c.i.embedder.EclipseLogger - Using platform encoding (Cp1252 actually) to copy filtered resources, i.e. build is platform dependent!
2021-07-22 17:39:29,626 [Worker-2: Building] INFO  o.e.m.c.i.embedder.EclipseLogger - skip non existing resourceDirectory C:\Users\Erick Brth\Desktop\CC\LEDA roteiros\R01-02-Rot-SimpleSorting-Bidirectional-Bubble-environment\src\main\resources
2021-07-22 17:39:29,627 [Worker-2: Building] WARN  o.e.m.c.i.embedder.EclipseLogger - Using platform encoding (Cp1252 actually) to copy filtered resources, i.e. build is platform dependent!
2021-07-22 17:39:29,628 [Worker-2: Building] INFO  o.e.m.c.i.embedder.EclipseLogger - skip non existing resourceDirectory C:\Users\Erick Brth\Desktop\CC\LEDA roteiros\R01-02-Rot-SimpleSorting-Bidirectional-Bubble-environment\src\test\resources
