<?xml version="1.0" encoding="UTF-8" standalone="no"?>
<!DOCTYPE log SYSTEM "logger.dtd">
<log>
<record>
  <date>2021-08-06T00:54:52.241-0300</date>
  <logger>ERICK ARAKEN VIEIRA GOMES</logger>
  <level>FINE</level>
  <message>File 119210561-ERICK ARAKEN VIEIRA GOMES.zip was received. It was sent by ERICK ARAKEN VIEIRA GOMES from IP 192.168.100.2 at 06-08-2021 00*54*52</message>
</record>
</log>
<?xml version="1.0" encoding="UTF-8" standalone="no"?>
<!DOCTYPE log SYSTEM "logger.dtd">
<log>
<record>
  <date>2021-08-06T00:55:04.512-0300</date>
  <logger>ERICK ARAKEN VIEIRA GOMES</logger>
  <level>FINE</level>
  <message>File 119210561-ERICK ARAKEN VIEIRA GOMES.zip was received. It was sent by ERICK ARAKEN VIEIRA GOMES from IP 192.168.100.2 at 06-08-2021 00*55*04</message>
</record>
</log>
<?xml version="1.0" encoding="UTF-8" standalone="no"?>
<!DOCTYPE log SYSTEM "logger.dtd">
<log>
<record>
  <date>2021-08-06T07:55:57.304-0300</date>
  <logger>ERICK ARAKEN VIEIRA GOMES</logger>
  <level>FINE</level>
  <message>File 119210561-ERICK ARAKEN VIEIRA GOMES.zip was received. It was sent by ERICK ARAKEN VIEIRA GOMES from IP 192.168.100.2 at 06-08-2021 07*55*57</message>
</record>
</log>
<?xml version="1.0" encoding="UTF-8" standalone="no"?>
<!DOCTYPE log SYSTEM "logger.dtd">
<log>
<record>
  <date>2021-08-06T08:46:52.216-0300</date>
  <logger>ERICK ARAKEN VIEIRA GOMES</logger>
  <level>FINE</level>
  <message>File 119210561-ERICK ARAKEN VIEIRA GOMES.zip was received. It was sent by ERICK ARAKEN VIEIRA GOMES from IP 192.168.100.2 at 06-08-2021 08*46*52</message>
</record>
