<?xml version="1.0" encoding="UTF-8" standalone="no"?>
<!DOCTYPE log SYSTEM "logger.dtd">
<log>
<record>
  <date>2021-07-15T09:21:30.412-0300</date>
  <logger>ERICK ARAKEN VIEIRA GOMES</logger>
  <level>FINE</level>
  <message>File 119210561-ERICK ARAKEN VIEIRA GOMES.zip was received. It was sent by ERICK ARAKEN VIEIRA GOMES from IP 192.168.0.7 at 15-07-2021 09*21*30</message>
</record>
</log>
<?xml version="1.0" encoding="UTF-8" standalone="no"?>
<!DOCTYPE log SYSTEM "logger.dtd">
<log>
<record>
  <date>2021-07-15T09:22:23.146-0300</date>
  <logger>ERICK ARAKEN VIEIRA GOMES</logger>
  <level>FINE</level>
  <message>File 119210561-ERICK ARAKEN VIEIRA GOMES.zip was received. It was sent by ERICK ARAKEN VIEIRA GOMES from IP 192.168.0.7 at 15-07-2021 09*22*23</message>
</record>
</log>
<?xml version="1.0" encoding="UTF-8" standalone="no"?>
<!DOCTYPE log SYSTEM "logger.dtd">
<log>
<record>
  <date>2021-07-15T09:31:09.799-0300</date>
  <logger>ERICK ARAKEN VIEIRA GOMES</logger>
  <level>FINE</level>
  <message>File 119210561-ERICK ARAKEN VIEIRA GOMES.zip was received. It was sent by ERICK ARAKEN VIEIRA GOMES from IP 192.168.0.7 at 15-07-2021 09*31*09</message>
</record>
</log>
<?xml version="1.0" encoding="UTF-8" standalone="no"?>
<!DOCTYPE log SYSTEM "logger.dtd">
<log>
<record>
  <date>2021-07-15T09:31:21.817-0300</date>
  <logger>ERICK ARAKEN VIEIRA GOMES</logger>
  <level>FINE</level>
  <message>File 119210561-ERICK ARAKEN VIEIRA GOMES.zip was received. It was sent by ERICK ARAKEN VIEIRA GOMES from IP 192.168.0.7 at 15-07-2021 09*31*21</message>
</record>
