2021-09-22 15:09:50,236 [Worker-8: Loading available Gradle versions] INFO  o.e.b.c.i.u.g.PublishedGradleVersions - Gradle version information cache is out-of-date. Trying to update.
2021-09-22 15:10:42,659 [Worker-8: Importing Maven projects] INFO  o.e.m.c.i.l.LifecycleMappingFactory - Using org.eclipse.m2e.jdt.JarLifecycleMapping lifecycle mapping for MavenProject: br.edu.ufcg.ccc:submission:1.0 @ C:\Users\erick\OneDrive\햞ea de Trabalho\CC\LEDA roteiros\R10-02\R10-02-Rot-AVL-environment\pom.xml.
2021-09-22 15:10:43,316 [Worker-8: Importing Maven projects] INFO  o.e.m.j.i.AbstractJavaProjectConfigurator - Adding source folder /R10-02-Rot-AVL-environment/src/main/java
2021-09-22 15:10:43,317 [Worker-8: Importing Maven projects] INFO  o.e.m.j.i.AbstractJavaProjectConfigurator - Adding source folder /R10-02-Rot-AVL-environment/src/test/java
2021-09-22 15:10:44,101 [Worker-8: Importing Maven projects] INFO  o.e.m.c.i.p.ProjectConfigurationManager - Imported and configured 1 project(s) in 4 sec
2021-09-22 15:10:44,779 [Worker-1: Building] WARN  o.e.m.c.i.embedder.EclipseLogger - Using platform encoding (Cp1252 actually) to copy filtered resources, i.e. build is platform dependent!
2021-09-22 15:10:44,780 [Worker-1: Building] INFO  o.e.m.c.i.embedder.EclipseLogger - skip non existing resourceDirectory C:\Users\erick\OneDrive\햞ea de Trabalho\CC\LEDA roteiros\R10-02\R10-02-Rot-AVL-environment\src\main\resources
2021-09-22 15:10:44,782 [Worker-1: Building] WARN  o.e.m.c.i.embedder.EclipseLogger - Using platform encoding (Cp1252 actually) to copy filtered resources, i.e. build is platform dependent!
2021-09-22 15:10:44,782 [Worker-1: Building] INFO  o.e.m.c.i.embedder.EclipseLogger - skip non existing resourceDirectory C:\Users\erick\OneDrive\햞ea de Trabalho\CC\LEDA roteiros\R10-02\R10-02-Rot-AVL-environment\src\test\resources
2021-09-22 15:11:23,518 [Worker-6: Building] INFO  o.e.m.c.i.l.LifecycleMappingFactory - Using org.eclipse.m2e.jdt.JarLifecycleMapping lifecycle mapping for MavenProject: br.edu.ufcg.ccc:submission:1.0 @ C:\Users\erick\OneDrive\햞ea de Trabalho\CC\LEDA roteiros\R10-02\R10-02-Rot-AVL-environment\pom.xml.
2021-09-22 15:11:23,614 [Worker-6: Building] WARN  o.e.m.c.i.embedder.EclipseLogger - Using platform encoding (Cp1252 actually) to copy filtered resources, i.e. build is platform dependent!
2021-09-22 15:11:23,615 [Worker-6: Building] INFO  o.e.m.c.i.embedder.EclipseLogger - skip non existing resourceDirectory C:\Users\erick\OneDrive\햞ea de Trabalho\CC\LEDA roteiros\R10-02\R10-02-Rot-AVL-environment\src\main\resources
2021-09-22 15:11:23,617 [Worker-6: Building] WARN  o.e.m.c.i.embedder.EclipseLogger - Using platform encoding (Cp1252 actually) to copy filtered resources, i.e. build is platform dependent!
2021-09-22 15:11:23,617 [Worker-6: Building] INFO  o.e.m.c.i.embedder.EclipseLogger - skip non existing resourceDirectory C:\Users\erick\OneDrive\햞ea de Trabalho\CC\LEDA roteiros\R10-02\R10-02-Rot-AVL-environment\src\test\resources
2021-09-22 15:11:28,894 [main] INFO  o.e.m2e.actions.ExecutePomAction - Creating new launch configuration
2021-09-22 15:11:34,242 [Worker-1: Launching R10-02-Rot-AVL-environment] INFO  o.e.m.i.launch.MavenLaunchDelegate - C:\Users\erick\OneDrive\햞ea de Trabalho\CC\LEDA roteiros\R10-02\R10-02-Rot-AVL-environment
2021-09-22 15:11:34,243 [Worker-1: Launching R10-02-Rot-AVL-environment] INFO  o.e.m.i.launch.MavenLaunchDelegate -  mvn -B -Dmaven.test.skip=true -DskipTests install
2021-09-22 15:12:21,472 [Worker-27: Building] WARN  o.e.m.c.i.embedder.EclipseLogger - Using platform encoding (Cp1252 actually) to copy filtered resources, i.e. build is platform dependent!
2021-09-22 15:12:21,473 [Worker-27: Building] INFO  o.e.m.c.i.embedder.EclipseLogger - skip non existing resourceDirectory C:\Users\erick\OneDrive\햞ea de Trabalho\CC\LEDA roteiros\R10-02\R10-02-Rot-AVL-environment\src\main\resources
2021-09-22 15:12:21,474 [Worker-27: Building] WARN  o.e.m.c.i.embedder.EclipseLogger - Using platform encoding (Cp1252 actually) to copy filtered resources, i.e. build is platform dependent!
2021-09-22 15:12:21,475 [Worker-27: Building] INFO  o.e.m.c.i.embedder.EclipseLogger - skip non existing resourceDirectory C:\Users\erick\OneDrive\햞ea de Trabalho\CC\LEDA roteiros\R10-02\R10-02-Rot-AVL-environment\src\test\resources
2021-09-22 15:16:02,618 [Worker-29: Building] WARN  o.e.m.c.i.embedder.EclipseLogger - Using platform encoding (Cp1252 actually) to copy filtered resources, i.e. build is platform dependent!
2021-09-22 15:16:02,618 [Worker-29: Building] INFO  o.e.m.c.i.embedder.EclipseLogger - skip non existing resourceDirectory C:\Users\erick\OneDrive\햞ea de Trabalho\CC\LEDA roteiros\R10-02\R10-02-Rot-AVL-environment\src\main\resources
2021-09-22 15:16:02,620 [Worker-29: Building] WARN  o.e.m.c.i.embedder.EclipseLogger - Using platform encoding (Cp1252 actually) to copy filtered resources, i.e. build is platform dependent!
2021-09-22 15:16:02,621 [Worker-29: Building] INFO  o.e.m.c.i.embedder.EclipseLogger - skip non existing resourceDirectory C:\Users\erick\OneDrive\햞ea de Trabalho\CC\LEDA roteiros\R10-02\R10-02-Rot-AVL-environment\src\test\resources
2021-09-22 15:16:03,631 [Worker-14: Building] WARN  o.e.m.c.i.embedder.EclipseLogger - Using platform encoding (Cp1252 actually) to copy filtered resources, i.e. build is platform dependent!
2021-09-22 15:16:03,631 [Worker-14: Building] INFO  o.e.m.c.i.embedder.EclipseLogger - skip non existing resourceDirectory C:\Users\erick\OneDrive\햞ea de Trabalho\CC\LEDA roteiros\R10-02\R10-02-Rot-AVL-environment\src\main\resources
2021-09-22 15:16:03,632 [Worker-14: Building] WARN  o.e.m.c.i.embedder.EclipseLogger - Using platform encoding (Cp1252 actually) to copy filtered resources, i.e. build is platform dependent!
2021-09-22 15:16:03,633 [Worker-14: Building] INFO  o.e.m.c.i.embedder.EclipseLogger - skip non existing resourceDirectory C:\Users\erick\OneDrive\햞ea de Trabalho\CC\LEDA roteiros\R10-02\R10-02-Rot-AVL-environment\src\test\resources
2021-09-22 15:17:27,095 [Worker-31: Building] WARN  o.e.m.c.i.embedder.EclipseLogger - Using platform encoding (Cp1252 actually) to copy filtered resources, i.e. build is platform dependent!
2021-09-22 15:17:27,096 [Worker-31: Building] INFO  o.e.m.c.i.embedder.EclipseLogger - skip non existing resourceDirectory C:\Users\erick\OneDrive\햞ea de Trabalho\CC\LEDA roteiros\R10-02\R10-02-Rot-AVL-environment\src\main\resources
2021-09-22 15:17:27,097 [Worker-31: Building] WARN  o.e.m.c.i.embedder.EclipseLogger - Using platform encoding (Cp1252 actually) to copy filtered resources, i.e. build is platform dependent!
2021-09-22 15:17:27,098 [Worker-31: Building] INFO  o.e.m.c.i.embedder.EclipseLogger - skip non existing resourceDirectory C:\Users\erick\OneDrive\햞ea de Trabalho\CC\LEDA roteiros\R10-02\R10-02-Rot-AVL-environment\src\test\resources
2021-09-22 15:17:32,426 [Worker-32: Building] WARN  o.e.m.c.i.embedder.EclipseLogger - Using platform encoding (Cp1252 actually) to copy filtered resources, i.e. build is platform dependent!
2021-09-22 15:17:32,427 [Worker-32: Building] INFO  o.e.m.c.i.embedder.EclipseLogger - skip non existing resourceDirectory C:\Users\erick\OneDrive\햞ea de Trabalho\CC\LEDA roteiros\R10-02\R10-02-Rot-AVL-environment\src\main\resources
2021-09-22 15:17:32,428 [Worker-32: Building] WARN  o.e.m.c.i.embedder.EclipseLogger - Using platform encoding (Cp1252 actually) to copy filtered resources, i.e. build is platform dependent!
2021-09-22 15:17:32,429 [Worker-32: Building] INFO  o.e.m.c.i.embedder.EclipseLogger - skip non existing resourceDirectory C:\Users\erick\OneDrive\햞ea de Trabalho\CC\LEDA roteiros\R10-02\R10-02-Rot-AVL-environment\src\test\resources
2021-09-22 16:37:36,824 [Worker-31: Building] WARN  o.e.m.c.i.embedder.EclipseLogger - Using platform encoding (Cp1252 actually) to copy filtered resources, i.e. build is platform dependent!
2021-09-22 16:37:36,825 [Worker-31: Building] INFO  o.e.m.c.i.embedder.EclipseLogger - skip non existing resourceDirectory C:\Users\erick\OneDrive\햞ea de Trabalho\CC\LEDA roteiros\R10-02\R10-02-Rot-AVL-environment\src\main\resources
2021-09-22 16:37:36,826 [Worker-31: Building] WARN  o.e.m.c.i.embedder.EclipseLogger - Using platform encoding (Cp1252 actually) to copy filtered resources, i.e. build is platform dependent!
2021-09-22 16:37:36,827 [Worker-31: Building] INFO  o.e.m.c.i.embedder.EclipseLogger - skip non existing resourceDirectory C:\Users\erick\OneDrive\햞ea de Trabalho\CC\LEDA roteiros\R10-02\R10-02-Rot-AVL-environment\src\test\resources
2021-09-22 16:40:22,360 [Worker-40: Building] WARN  o.e.m.c.i.embedder.EclipseLogger - Using platform encoding (Cp1252 actually) to copy filtered resources, i.e. build is platform dependent!
2021-09-22 16:40:22,361 [Worker-40: Building] INFO  o.e.m.c.i.embedder.EclipseLogger - skip non existing resourceDirectory C:\Users\erick\OneDrive\햞ea de Trabalho\CC\LEDA roteiros\R10-02\R10-02-Rot-AVL-environment\src\main\resources
2021-09-22 16:40:22,364 [Worker-40: Building] WARN  o.e.m.c.i.embedder.EclipseLogger - Using platform encoding (Cp1252 actually) to copy filtered resources, i.e. build is platform dependent!
2021-09-22 16:40:22,365 [Worker-40: Building] INFO  o.e.m.c.i.embedder.EclipseLogger - skip non existing resourceDirectory C:\Users\erick\OneDrive\햞ea de Trabalho\CC\LEDA roteiros\R10-02\R10-02-Rot-AVL-environment\src\test\resources
2021-09-22 16:40:40,266 [Worker-41: Building] WARN  o.e.m.c.i.embedder.EclipseLogger - Using platform encoding (Cp1252 actually) to copy filtered resources, i.e. build is platform dependent!
2021-09-22 16:40:40,266 [Worker-41: Building] INFO  o.e.m.c.i.embedder.EclipseLogger - skip non existing resourceDirectory C:\Users\erick\OneDrive\햞ea de Trabalho\CC\LEDA roteiros\R10-02\R10-02-Rot-AVL-environment\src\main\resources
2021-09-22 16:40:40,267 [Worker-41: Building] WARN  o.e.m.c.i.embedder.EclipseLogger - Using platform encoding (Cp1252 actually) to copy filtered resources, i.e. build is platform dependent!
2021-09-22 16:40:40,268 [Worker-41: Building] INFO  o.e.m.c.i.embedder.EclipseLogger - skip non existing resourceDirectory C:\Users\erick\OneDrive\햞ea de Trabalho\CC\LEDA roteiros\R10-02\R10-02-Rot-AVL-environment\src\test\resources
2021-09-23 19:33:16,785 [Worker-3: Loading available Gradle versions] INFO  o.e.b.c.i.u.g.PublishedGradleVersions - Gradle version information cache is out-of-date. Trying to update.
2021-09-23 19:33:19,140 [Worker-4: Building] WARN  o.e.m.c.i.embedder.EclipseLogger - Using platform encoding (Cp1252 actually) to copy filtered resources, i.e. build is platform dependent!
2021-09-23 19:33:19,142 [Worker-4: Building] INFO  o.e.m.c.i.embedder.EclipseLogger - skip non existing resourceDirectory C:\Users\erick\OneDrive\햞ea de Trabalho\CC\LEDA roteiros\R10-02\R10-02-Rot-AVL-environment\src\main\resources
2021-09-23 19:33:19,144 [Worker-4: Building] WARN  o.e.m.c.i.embedder.EclipseLogger - Using platform encoding (Cp1252 actually) to copy filtered resources, i.e. build is platform dependent!
2021-09-23 19:33:19,145 [Worker-4: Building] INFO  o.e.m.c.i.embedder.EclipseLogger - skip non existing resourceDirectory C:\Users\erick\OneDrive\햞ea de Trabalho\CC\LEDA roteiros\R10-02\R10-02-Rot-AVL-environment\src\test\resources
2021-09-23 19:55:05,883 [Worker-30: Building] WARN  o.e.m.c.i.embedder.EclipseLogger - Using platform encoding (Cp1252 actually) to copy filtered resources, i.e. build is platform dependent!
2021-09-23 19:55:05,884 [Worker-30: Building] INFO  o.e.m.c.i.embedder.EclipseLogger - skip non existing resourceDirectory C:\Users\erick\OneDrive\햞ea de Trabalho\CC\LEDA roteiros\R10-02\R10-02-Rot-AVL-environment\src\main\resources
2021-09-23 19:55:05,885 [Worker-30: Building] WARN  o.e.m.c.i.embedder.EclipseLogger - Using platform encoding (Cp1252 actually) to copy filtered resources, i.e. build is platform dependent!
2021-09-23 19:55:05,886 [Worker-30: Building] INFO  o.e.m.c.i.embedder.EclipseLogger - skip non existing resourceDirectory C:\Users\erick\OneDrive\햞ea de Trabalho\CC\LEDA roteiros\R10-02\R10-02-Rot-AVL-environment\src\test\resources
2021-09-23 19:56:26,486 [Worker-29: Building] WARN  o.e.m.c.i.embedder.EclipseLogger - Using platform encoding (Cp1252 actually) to copy filtered resources, i.e. build is platform dependent!
2021-09-23 19:56:26,486 [Worker-29: Building] INFO  o.e.m.c.i.embedder.EclipseLogger - skip non existing resourceDirectory C:\Users\erick\OneDrive\햞ea de Trabalho\CC\LEDA roteiros\R10-02\R10-02-Rot-AVL-environment\src\main\resources
2021-09-23 19:56:26,486 [Worker-29: Building] WARN  o.e.m.c.i.embedder.EclipseLogger - Using platform encoding (Cp1252 actually) to copy filtered resources, i.e. build is platform dependent!
2021-09-23 19:56:26,487 [Worker-29: Building] INFO  o.e.m.c.i.embedder.EclipseLogger - skip non existing resourceDirectory C:\Users\erick\OneDrive\햞ea de Trabalho\CC\LEDA roteiros\R10-02\R10-02-Rot-AVL-environment\src\test\resources
2021-09-23 19:56:32,228 [Worker-29: Building] WARN  o.e.m.c.i.embedder.EclipseLogger - Using platform encoding (Cp1252 actually) to copy filtered resources, i.e. build is platform dependent!
2021-09-23 19:56:32,229 [Worker-29: Building] INFO  o.e.m.c.i.embedder.EclipseLogger - skip non existing resourceDirectory C:\Users\erick\OneDrive\햞ea de Trabalho\CC\LEDA roteiros\R10-02\R10-02-Rot-AVL-environment\src\main\resources
2021-09-23 19:56:32,229 [Worker-29: Building] WARN  o.e.m.c.i.embedder.EclipseLogger - Using platform encoding (Cp1252 actually) to copy filtered resources, i.e. build is platform dependent!
2021-09-23 19:56:32,230 [Worker-29: Building] INFO  o.e.m.c.i.embedder.EclipseLogger - skip non existing resourceDirectory C:\Users\erick\OneDrive\햞ea de Trabalho\CC\LEDA roteiros\R10-02\R10-02-Rot-AVL-environment\src\test\resources
2021-09-24 07:58:48,596 [Worker-3: Loading available Gradle versions] INFO  o.e.b.c.i.u.g.PublishedGradleVersions - Gradle version information cache is up-to-date. Trying to read.
2021-09-24 09:50:12,646 [Worker-29: Building] WARN  o.e.m.c.i.embedder.EclipseLogger - Using platform encoding (Cp1252 actually) to copy filtered resources, i.e. build is platform dependent!
2021-09-24 09:50:12,647 [Worker-29: Building] INFO  o.e.m.c.i.embedder.EclipseLogger - skip non existing resourceDirectory C:\Users\erick\OneDrive\햞ea de Trabalho\CC\LEDA roteiros\R10-02\R10-02-Rot-AVL-environment\src\main\resources
2021-09-24 09:50:12,649 [Worker-29: Building] WARN  o.e.m.c.i.embedder.EclipseLogger - Using platform encoding (Cp1252 actually) to copy filtered resources, i.e. build is platform dependent!
2021-09-24 09:50:12,649 [Worker-29: Building] INFO  o.e.m.c.i.embedder.EclipseLogger - skip non existing resourceDirectory C:\Users\erick\OneDrive\햞ea de Trabalho\CC\LEDA roteiros\R10-02\R10-02-Rot-AVL-environment\src\test\resources
2021-09-24 09:50:15,763 [Worker-29: Building] WARN  o.e.m.c.i.embedder.EclipseLogger - Using platform encoding (Cp1252 actually) to copy filtered resources, i.e. build is platform dependent!
2021-09-24 09:50:15,764 [Worker-29: Building] INFO  o.e.m.c.i.embedder.EclipseLogger - skip non existing resourceDirectory C:\Users\erick\OneDrive\햞ea de Trabalho\CC\LEDA roteiros\R10-02\R10-02-Rot-AVL-environment\src\main\resources
2021-09-24 09:50:15,765 [Worker-29: Building] WARN  o.e.m.c.i.embedder.EclipseLogger - Using platform encoding (Cp1252 actually) to copy filtered resources, i.e. build is platform dependent!
2021-09-24 09:50:15,765 [Worker-29: Building] INFO  o.e.m.c.i.embedder.EclipseLogger - skip non existing resourceDirectory C:\Users\erick\OneDrive\햞ea de Trabalho\CC\LEDA roteiros\R10-02\R10-02-Rot-AVL-environment\src\test\resources
2021-09-24 09:52:37,480 [Worker-30: Building] WARN  o.e.m.c.i.embedder.EclipseLogger - Using platform encoding (Cp1252 actually) to copy filtered resources, i.e. build is platform dependent!
2021-09-24 09:52:37,481 [Worker-30: Building] INFO  o.e.m.c.i.embedder.EclipseLogger - skip non existing resourceDirectory C:\Users\erick\OneDrive\햞ea de Trabalho\CC\LEDA roteiros\R10-02\R10-02-Rot-AVL-environment\src\main\resources
2021-09-24 09:52:37,483 [Worker-30: Building] WARN  o.e.m.c.i.embedder.EclipseLogger - Using platform encoding (Cp1252 actually) to copy filtered resources, i.e. build is platform dependent!
2021-09-24 09:52:37,484 [Worker-30: Building] INFO  o.e.m.c.i.embedder.EclipseLogger - skip non existing resourceDirectory C:\Users\erick\OneDrive\햞ea de Trabalho\CC\LEDA roteiros\R10-02\R10-02-Rot-AVL-environment\src\test\resources
2021-09-24 09:57:08,204 [Worker-32: Building] WARN  o.e.m.c.i.embedder.EclipseLogger - Using platform encoding (Cp1252 actually) to copy filtered resources, i.e. build is platform dependent!
2021-09-24 09:57:08,206 [Worker-32: Building] INFO  o.e.m.c.i.embedder.EclipseLogger - skip non existing resourceDirectory C:\Users\erick\OneDrive\햞ea de Trabalho\CC\LEDA roteiros\R10-02\R10-02-Rot-AVL-environment\src\main\resources
2021-09-24 09:57:08,207 [Worker-32: Building] WARN  o.e.m.c.i.embedder.EclipseLogger - Using platform encoding (Cp1252 actually) to copy filtered resources, i.e. build is platform dependent!
2021-09-24 09:57:08,208 [Worker-32: Building] INFO  o.e.m.c.i.embedder.EclipseLogger - skip non existing resourceDirectory C:\Users\erick\OneDrive\햞ea de Trabalho\CC\LEDA roteiros\R10-02\R10-02-Rot-AVL-environment\src\test\resources
2021-09-24 09:58:43,351 [Worker-32: Building] WARN  o.e.m.c.i.embedder.EclipseLogger - Using platform encoding (Cp1252 actually) to copy filtered resources, i.e. build is platform dependent!
2021-09-24 09:58:43,352 [Worker-32: Building] INFO  o.e.m.c.i.embedder.EclipseLogger - skip non existing resourceDirectory C:\Users\erick\OneDrive\햞ea de Trabalho\CC\LEDA roteiros\R10-02\R10-02-Rot-AVL-environment\src\main\resources
2021-09-24 09:58:43,353 [Worker-32: Building] WARN  o.e.m.c.i.embedder.EclipseLogger - Using platform encoding (Cp1252 actually) to copy filtered resources, i.e. build is platform dependent!
2021-09-24 09:58:43,353 [Worker-32: Building] INFO  o.e.m.c.i.embedder.EclipseLogger - skip non existing resourceDirectory C:\Users\erick\OneDrive\햞ea de Trabalho\CC\LEDA roteiros\R10-02\R10-02-Rot-AVL-environment\src\test\resources
2021-09-24 10:00:08,567 [Worker-32: Building] WARN  o.e.m.c.i.embedder.EclipseLogger - Using platform encoding (Cp1252 actually) to copy filtered resources, i.e. build is platform dependent!
2021-09-24 10:00:08,568 [Worker-32: Building] INFO  o.e.m.c.i.embedder.EclipseLogger - skip non existing resourceDirectory C:\Users\erick\OneDrive\햞ea de Trabalho\CC\LEDA roteiros\R10-02\R10-02-Rot-AVL-environment\src\main\resources
2021-09-24 10:00:08,570 [Worker-32: Building] WARN  o.e.m.c.i.embedder.EclipseLogger - Using platform encoding (Cp1252 actually) to copy filtered resources, i.e. build is platform dependent!
2021-09-24 10:00:08,570 [Worker-32: Building] INFO  o.e.m.c.i.embedder.EclipseLogger - skip non existing resourceDirectory C:\Users\erick\OneDrive\햞ea de Trabalho\CC\LEDA roteiros\R10-02\R10-02-Rot-AVL-environment\src\test\resources
2021-09-24 10:05:59,094 [Worker-37: Building] WARN  o.e.m.c.i.embedder.EclipseLogger - Using platform encoding (Cp1252 actually) to copy filtered resources, i.e. build is platform dependent!
2021-09-24 10:05:59,095 [Worker-37: Building] INFO  o.e.m.c.i.embedder.EclipseLogger - skip non existing resourceDirectory C:\Users\erick\OneDrive\햞ea de Trabalho\CC\LEDA roteiros\R10-02\R10-02-Rot-AVL-environment\src\main\resources
2021-09-24 10:05:59,096 [Worker-37: Building] WARN  o.e.m.c.i.embedder.EclipseLogger - Using platform encoding (Cp1252 actually) to copy filtered resources, i.e. build is platform dependent!
2021-09-24 10:05:59,096 [Worker-37: Building] INFO  o.e.m.c.i.embedder.EclipseLogger - skip non existing resourceDirectory C:\Users\erick\OneDrive\햞ea de Trabalho\CC\LEDA roteiros\R10-02\R10-02-Rot-AVL-environment\src\test\resources
2021-09-24 10:06:00,102 [Worker-30: Building] WARN  o.e.m.c.i.embedder.EclipseLogger - Using platform encoding (Cp1252 actually) to copy filtered resources, i.e. build is platform dependent!
2021-09-24 10:06:00,102 [Worker-30: Building] INFO  o.e.m.c.i.embedder.EclipseLogger - skip non existing resourceDirectory C:\Users\erick\OneDrive\햞ea de Trabalho\CC\LEDA roteiros\R10-02\R10-02-Rot-AVL-environment\src\main\resources
2021-09-24 10:06:00,104 [Worker-30: Building] WARN  o.e.m.c.i.embedder.EclipseLogger - Using platform encoding (Cp1252 actually) to copy filtered resources, i.e. build is platform dependent!
2021-09-24 10:06:00,105 [Worker-30: Building] INFO  o.e.m.c.i.embedder.EclipseLogger - skip non existing resourceDirectory C:\Users\erick\OneDrive\햞ea de Trabalho\CC\LEDA roteiros\R10-02\R10-02-Rot-AVL-environment\src\test\resources
2021-09-24 10:08:48,282 [Worker-36: Building] WARN  o.e.m.c.i.embedder.EclipseLogger - Using platform encoding (Cp1252 actually) to copy filtered resources, i.e. build is platform dependent!
2021-09-24 10:08:48,282 [Worker-36: Building] INFO  o.e.m.c.i.embedder.EclipseLogger - skip non existing resourceDirectory C:\Users\erick\OneDrive\햞ea de Trabalho\CC\LEDA roteiros\R10-02\R10-02-Rot-AVL-environment\src\main\resources
2021-09-24 10:08:48,283 [Worker-36: Building] WARN  o.e.m.c.i.embedder.EclipseLogger - Using platform encoding (Cp1252 actually) to copy filtered resources, i.e. build is platform dependent!
2021-09-24 10:08:48,284 [Worker-36: Building] INFO  o.e.m.c.i.embedder.EclipseLogger - skip non existing resourceDirectory C:\Users\erick\OneDrive\햞ea de Trabalho\CC\LEDA roteiros\R10-02\R10-02-Rot-AVL-environment\src\test\resources
2021-09-24 10:20:58,379 [Worker-38: Building] WARN  o.e.m.c.i.embedder.EclipseLogger - Using platform encoding (Cp1252 actually) to copy filtered resources, i.e. build is platform dependent!
2021-09-24 10:20:58,380 [Worker-38: Building] INFO  o.e.m.c.i.embedder.EclipseLogger - skip non existing resourceDirectory C:\Users\erick\OneDrive\햞ea de Trabalho\CC\LEDA roteiros\R10-02\R10-02-Rot-AVL-environment\src\main\resources
2021-09-24 10:20:58,381 [Worker-38: Building] WARN  o.e.m.c.i.embedder.EclipseLogger - Using platform encoding (Cp1252 actually) to copy filtered resources, i.e. build is platform dependent!
2021-09-24 10:20:58,382 [Worker-38: Building] INFO  o.e.m.c.i.embedder.EclipseLogger - skip non existing resourceDirectory C:\Users\erick\OneDrive\햞ea de Trabalho\CC\LEDA roteiros\R10-02\R10-02-Rot-AVL-environment\src\test\resources
2021-09-24 10:21:03,585 [Worker-38: Building] WARN  o.e.m.c.i.embedder.EclipseLogger - Using platform encoding (Cp1252 actually) to copy filtered resources, i.e. build is platform dependent!
2021-09-24 10:21:03,585 [Worker-38: Building] INFO  o.e.m.c.i.embedder.EclipseLogger - skip non existing resourceDirectory C:\Users\erick\OneDrive\햞ea de Trabalho\CC\LEDA roteiros\R10-02\R10-02-Rot-AVL-environment\src\main\resources
2021-09-24 10:21:03,587 [Worker-38: Building] WARN  o.e.m.c.i.embedder.EclipseLogger - Using platform encoding (Cp1252 actually) to copy filtered resources, i.e. build is platform dependent!
2021-09-24 10:21:03,588 [Worker-38: Building] INFO  o.e.m.c.i.embedder.EclipseLogger - skip non existing resourceDirectory C:\Users\erick\OneDrive\햞ea de Trabalho\CC\LEDA roteiros\R10-02\R10-02-Rot-AVL-environment\src\test\resources
2021-09-24 10:22:08,025 [Worker-38: Building] WARN  o.e.m.c.i.embedder.EclipseLogger - Using platform encoding (Cp1252 actually) to copy filtered resources, i.e. build is platform dependent!
2021-09-24 10:22:08,026 [Worker-38: Building] INFO  o.e.m.c.i.embedder.EclipseLogger - skip non existing resourceDirectory C:\Users\erick\OneDrive\햞ea de Trabalho\CC\LEDA roteiros\R10-02\R10-02-Rot-AVL-environment\src\main\resources
2021-09-24 10:22:08,027 [Worker-38: Building] WARN  o.e.m.c.i.embedder.EclipseLogger - Using platform encoding (Cp1252 actually) to copy filtered resources, i.e. build is platform dependent!
2021-09-24 10:22:08,028 [Worker-38: Building] INFO  o.e.m.c.i.embedder.EclipseLogger - skip non existing resourceDirectory C:\Users\erick\OneDrive\햞ea de Trabalho\CC\LEDA roteiros\R10-02\R10-02-Rot-AVL-environment\src\test\resources
2021-09-24 10:24:01,527 [Worker-40: Building] WARN  o.e.m.c.i.embedder.EclipseLogger - Using platform encoding (Cp1252 actually) to copy filtered resources, i.e. build is platform dependent!
2021-09-24 10:24:01,528 [Worker-40: Building] INFO  o.e.m.c.i.embedder.EclipseLogger - skip non existing resourceDirectory C:\Users\erick\OneDrive\햞ea de Trabalho\CC\LEDA roteiros\R10-02\R10-02-Rot-AVL-environment\src\main\resources
2021-09-24 10:24:01,528 [Worker-40: Building] WARN  o.e.m.c.i.embedder.EclipseLogger - Using platform encoding (Cp1252 actually) to copy filtered resources, i.e. build is platform dependent!
2021-09-24 10:24:01,529 [Worker-40: Building] INFO  o.e.m.c.i.embedder.EclipseLogger - skip non existing resourceDirectory C:\Users\erick\OneDrive\햞ea de Trabalho\CC\LEDA roteiros\R10-02\R10-02-Rot-AVL-environment\src\test\resources
2021-09-24 10:24:31,874 [Worker-45: Building] WARN  o.e.m.c.i.embedder.EclipseLogger - Using platform encoding (Cp1252 actually) to copy filtered resources, i.e. build is platform dependent!
2021-09-24 10:24:31,875 [Worker-45: Building] INFO  o.e.m.c.i.embedder.EclipseLogger - skip non existing resourceDirectory C:\Users\erick\OneDrive\햞ea de Trabalho\CC\LEDA roteiros\R10-02\R10-02-Rot-AVL-environment\src\main\resources
2021-09-24 10:24:31,876 [Worker-45: Building] WARN  o.e.m.c.i.embedder.EclipseLogger - Using platform encoding (Cp1252 actually) to copy filtered resources, i.e. build is platform dependent!
2021-09-24 10:24:31,877 [Worker-45: Building] INFO  o.e.m.c.i.embedder.EclipseLogger - skip non existing resourceDirectory C:\Users\erick\OneDrive\햞ea de Trabalho\CC\LEDA roteiros\R10-02\R10-02-Rot-AVL-environment\src\test\resources
2021-09-24 10:25:15,329 [Worker-40: Building] WARN  o.e.m.c.i.embedder.EclipseLogger - Using platform encoding (Cp1252 actually) to copy filtered resources, i.e. build is platform dependent!
2021-09-24 10:25:15,330 [Worker-40: Building] INFO  o.e.m.c.i.embedder.EclipseLogger - skip non existing resourceDirectory C:\Users\erick\OneDrive\햞ea de Trabalho\CC\LEDA roteiros\R10-02\R10-02-Rot-AVL-environment\src\main\resources
2021-09-24 10:25:15,331 [Worker-40: Building] WARN  o.e.m.c.i.embedder.EclipseLogger - Using platform encoding (Cp1252 actually) to copy filtered resources, i.e. build is platform dependent!
2021-09-24 10:25:15,332 [Worker-40: Building] INFO  o.e.m.c.i.embedder.EclipseLogger - skip non existing resourceDirectory C:\Users\erick\OneDrive\햞ea de Trabalho\CC\LEDA roteiros\R10-02\R10-02-Rot-AVL-environment\src\test\resources
2021-09-24 10:25:27,529 [Worker-46: Building] WARN  o.e.m.c.i.embedder.EclipseLogger - Using platform encoding (Cp1252 actually) to copy filtered resources, i.e. build is platform dependent!
2021-09-24 10:25:27,530 [Worker-46: Building] INFO  o.e.m.c.i.embedder.EclipseLogger - skip non existing resourceDirectory C:\Users\erick\OneDrive\햞ea de Trabalho\CC\LEDA roteiros\R10-02\R10-02-Rot-AVL-environment\src\main\resources
2021-09-24 10:25:27,532 [Worker-46: Building] WARN  o.e.m.c.i.embedder.EclipseLogger - Using platform encoding (Cp1252 actually) to copy filtered resources, i.e. build is platform dependent!
2021-09-24 10:25:27,533 [Worker-46: Building] INFO  o.e.m.c.i.embedder.EclipseLogger - skip non existing resourceDirectory C:\Users\erick\OneDrive\햞ea de Trabalho\CC\LEDA roteiros\R10-02\R10-02-Rot-AVL-environment\src\test\resources
2021-09-24 10:25:29,810 [Worker-45: Building] WARN  o.e.m.c.i.embedder.EclipseLogger - Using platform encoding (Cp1252 actually) to copy filtered resources, i.e. build is platform dependent!
2021-09-24 10:25:29,811 [Worker-45: Building] INFO  o.e.m.c.i.embedder.EclipseLogger - skip non existing resourceDirectory C:\Users\erick\OneDrive\햞ea de Trabalho\CC\LEDA roteiros\R10-02\R10-02-Rot-AVL-environment\src\main\resources
2021-09-24 10:25:29,812 [Worker-45: Building] WARN  o.e.m.c.i.embedder.EclipseLogger - Using platform encoding (Cp1252 actually) to copy filtered resources, i.e. build is platform dependent!
2021-09-24 10:25:29,812 [Worker-45: Building] INFO  o.e.m.c.i.embedder.EclipseLogger - skip non existing resourceDirectory C:\Users\erick\OneDrive\햞ea de Trabalho\CC\LEDA roteiros\R10-02\R10-02-Rot-AVL-environment\src\test\resources
2021-09-24 10:25:34,283 [Worker-45: Building] WARN  o.e.m.c.i.embedder.EclipseLogger - Using platform encoding (Cp1252 actually) to copy filtered resources, i.e. build is platform dependent!
2021-09-24 10:25:34,284 [Worker-45: Building] INFO  o.e.m.c.i.embedder.EclipseLogger - skip non existing resourceDirectory C:\Users\erick\OneDrive\햞ea de Trabalho\CC\LEDA roteiros\R10-02\R10-02-Rot-AVL-environment\src\main\resources
2021-09-24 10:25:34,285 [Worker-45: Building] WARN  o.e.m.c.i.embedder.EclipseLogger - Using platform encoding (Cp1252 actually) to copy filtered resources, i.e. build is platform dependent!
2021-09-24 10:25:34,285 [Worker-45: Building] INFO  o.e.m.c.i.embedder.EclipseLogger - skip non existing resourceDirectory C:\Users\erick\OneDrive\햞ea de Trabalho\CC\LEDA roteiros\R10-02\R10-02-Rot-AVL-environment\src\test\resources
2021-09-24 10:26:49,570 [Worker-45: Building] WARN  o.e.m.c.i.embedder.EclipseLogger - Using platform encoding (Cp1252 actually) to copy filtered resources, i.e. build is platform dependent!
2021-09-24 10:26:49,571 [Worker-45: Building] INFO  o.e.m.c.i.embedder.EclipseLogger - skip non existing resourceDirectory C:\Users\erick\OneDrive\햞ea de Trabalho\CC\LEDA roteiros\R10-02\R10-02-Rot-AVL-environment\src\main\resources
2021-09-24 10:26:49,571 [Worker-45: Building] WARN  o.e.m.c.i.embedder.EclipseLogger - Using platform encoding (Cp1252 actually) to copy filtered resources, i.e. build is platform dependent!
2021-09-24 10:26:49,572 [Worker-45: Building] INFO  o.e.m.c.i.embedder.EclipseLogger - skip non existing resourceDirectory C:\Users\erick\OneDrive\햞ea de Trabalho\CC\LEDA roteiros\R10-02\R10-02-Rot-AVL-environment\src\test\resources
2021-09-24 10:26:51,063 [Worker-46: Building] WARN  o.e.m.c.i.embedder.EclipseLogger - Using platform encoding (Cp1252 actually) to copy filtered resources, i.e. build is platform dependent!
2021-09-24 10:26:51,064 [Worker-46: Building] INFO  o.e.m.c.i.embedder.EclipseLogger - skip non existing resourceDirectory C:\Users\erick\OneDrive\햞ea de Trabalho\CC\LEDA roteiros\R10-02\R10-02-Rot-AVL-environment\src\main\resources
2021-09-24 10:26:51,065 [Worker-46: Building] WARN  o.e.m.c.i.embedder.EclipseLogger - Using platform encoding (Cp1252 actually) to copy filtered resources, i.e. build is platform dependent!
2021-09-24 10:26:51,066 [Worker-46: Building] INFO  o.e.m.c.i.embedder.EclipseLogger - skip non existing resourceDirectory C:\Users\erick\OneDrive\햞ea de Trabalho\CC\LEDA roteiros\R10-02\R10-02-Rot-AVL-environment\src\test\resources
2021-09-24 10:28:12,947 [Worker-40: Building] WARN  o.e.m.c.i.embedder.EclipseLogger - Using platform encoding (Cp1252 actually) to copy filtered resources, i.e. build is platform dependent!
2021-09-24 10:28:12,948 [Worker-40: Building] INFO  o.e.m.c.i.embedder.EclipseLogger - skip non existing resourceDirectory C:\Users\erick\OneDrive\햞ea de Trabalho\CC\LEDA roteiros\R10-02\R10-02-Rot-AVL-environment\src\main\resources
2021-09-24 10:28:12,949 [Worker-40: Building] WARN  o.e.m.c.i.embedder.EclipseLogger - Using platform encoding (Cp1252 actually) to copy filtered resources, i.e. build is platform dependent!
2021-09-24 10:28:12,949 [Worker-40: Building] INFO  o.e.m.c.i.embedder.EclipseLogger - skip non existing resourceDirectory C:\Users\erick\OneDrive\햞ea de Trabalho\CC\LEDA roteiros\R10-02\R10-02-Rot-AVL-environment\src\test\resources
2021-09-24 10:28:54,153 [Worker-49: Building] WARN  o.e.m.c.i.embedder.EclipseLogger - Using platform encoding (Cp1252 actually) to copy filtered resources, i.e. build is platform dependent!
2021-09-24 10:28:54,154 [Worker-49: Building] INFO  o.e.m.c.i.embedder.EclipseLogger - skip non existing resourceDirectory C:\Users\erick\OneDrive\햞ea de Trabalho\CC\LEDA roteiros\R10-02\R10-02-Rot-AVL-environment\src\main\resources
2021-09-24 10:28:54,155 [Worker-49: Building] WARN  o.e.m.c.i.embedder.EclipseLogger - Using platform encoding (Cp1252 actually) to copy filtered resources, i.e. build is platform dependent!
2021-09-24 10:28:54,155 [Worker-49: Building] INFO  o.e.m.c.i.embedder.EclipseLogger - skip non existing resourceDirectory C:\Users\erick\OneDrive\햞ea de Trabalho\CC\LEDA roteiros\R10-02\R10-02-Rot-AVL-environment\src\test\resources
2021-09-24 10:29:00,114 [Worker-49: Building] WARN  o.e.m.c.i.embedder.EclipseLogger - Using platform encoding (Cp1252 actually) to copy filtered resources, i.e. build is platform dependent!
2021-09-24 10:29:00,115 [Worker-49: Building] INFO  o.e.m.c.i.embedder.EclipseLogger - skip non existing resourceDirectory C:\Users\erick\OneDrive\햞ea de Trabalho\CC\LEDA roteiros\R10-02\R10-02-Rot-AVL-environment\src\main\resources
2021-09-24 10:29:00,115 [Worker-49: Building] WARN  o.e.m.c.i.embedder.EclipseLogger - Using platform encoding (Cp1252 actually) to copy filtered resources, i.e. build is platform dependent!
2021-09-24 10:29:00,116 [Worker-49: Building] INFO  o.e.m.c.i.embedder.EclipseLogger - skip non existing resourceDirectory C:\Users\erick\OneDrive\햞ea de Trabalho\CC\LEDA roteiros\R10-02\R10-02-Rot-AVL-environment\src\test\resources
2021-09-24 10:29:13,668 [Worker-49: Building] WARN  o.e.m.c.i.embedder.EclipseLogger - Using platform encoding (Cp1252 actually) to copy filtered resources, i.e. build is platform dependent!
2021-09-24 10:29:13,669 [Worker-49: Building] INFO  o.e.m.c.i.embedder.EclipseLogger - skip non existing resourceDirectory C:\Users\erick\OneDrive\햞ea de Trabalho\CC\LEDA roteiros\R10-02\R10-02-Rot-AVL-environment\src\main\resources
2021-09-24 10:29:13,670 [Worker-49: Building] WARN  o.e.m.c.i.embedder.EclipseLogger - Using platform encoding (Cp1252 actually) to copy filtered resources, i.e. build is platform dependent!
2021-09-24 10:29:13,671 [Worker-49: Building] INFO  o.e.m.c.i.embedder.EclipseLogger - skip non existing resourceDirectory C:\Users\erick\OneDrive\햞ea de Trabalho\CC\LEDA roteiros\R10-02\R10-02-Rot-AVL-environment\src\test\resources
2021-09-24 10:32:40,333 [Worker-52: Building] WARN  o.e.m.c.i.embedder.EclipseLogger - Using platform encoding (Cp1252 actually) to copy filtered resources, i.e. build is platform dependent!
2021-09-24 10:32:40,334 [Worker-52: Building] INFO  o.e.m.c.i.embedder.EclipseLogger - skip non existing resourceDirectory C:\Users\erick\OneDrive\햞ea de Trabalho\CC\LEDA roteiros\R10-02\R10-02-Rot-AVL-environment\src\main\resources
2021-09-24 10:32:40,335 [Worker-52: Building] WARN  o.e.m.c.i.embedder.EclipseLogger - Using platform encoding (Cp1252 actually) to copy filtered resources, i.e. build is platform dependent!
2021-09-24 10:32:40,335 [Worker-52: Building] INFO  o.e.m.c.i.embedder.EclipseLogger - skip non existing resourceDirectory C:\Users\erick\OneDrive\햞ea de Trabalho\CC\LEDA roteiros\R10-02\R10-02-Rot-AVL-environment\src\test\resources
2021-09-24 10:32:51,339 [Worker-52: Building] WARN  o.e.m.c.i.embedder.EclipseLogger - Using platform encoding (Cp1252 actually) to copy filtered resources, i.e. build is platform dependent!
2021-09-24 10:32:51,340 [Worker-52: Building] INFO  o.e.m.c.i.embedder.EclipseLogger - skip non existing resourceDirectory C:\Users\erick\OneDrive\햞ea de Trabalho\CC\LEDA roteiros\R10-02\R10-02-Rot-AVL-environment\src\main\resources
2021-09-24 10:32:51,341 [Worker-52: Building] WARN  o.e.m.c.i.embedder.EclipseLogger - Using platform encoding (Cp1252 actually) to copy filtered resources, i.e. build is platform dependent!
2021-09-24 10:32:51,342 [Worker-52: Building] INFO  o.e.m.c.i.embedder.EclipseLogger - skip non existing resourceDirectory C:\Users\erick\OneDrive\햞ea de Trabalho\CC\LEDA roteiros\R10-02\R10-02-Rot-AVL-environment\src\test\resources
2021-09-24 10:33:40,527 [Worker-51: Building] WARN  o.e.m.c.i.embedder.EclipseLogger - Using platform encoding (Cp1252 actually) to copy filtered resources, i.e. build is platform dependent!
2021-09-24 10:33:40,528 [Worker-51: Building] INFO  o.e.m.c.i.embedder.EclipseLogger - skip non existing resourceDirectory C:\Users\erick\OneDrive\햞ea de Trabalho\CC\LEDA roteiros\R10-02\R10-02-Rot-AVL-environment\src\main\resources
2021-09-24 10:33:40,529 [Worker-51: Building] WARN  o.e.m.c.i.embedder.EclipseLogger - Using platform encoding (Cp1252 actually) to copy filtered resources, i.e. build is platform dependent!
2021-09-24 10:33:40,530 [Worker-51: Building] INFO  o.e.m.c.i.embedder.EclipseLogger - skip non existing resourceDirectory C:\Users\erick\OneDrive\햞ea de Trabalho\CC\LEDA roteiros\R10-02\R10-02-Rot-AVL-environment\src\test\resources
2021-09-24 10:33:58,813 [Worker-45: Building] WARN  o.e.m.c.i.embedder.EclipseLogger - Using platform encoding (Cp1252 actually) to copy filtered resources, i.e. build is platform dependent!
2021-09-24 10:33:58,813 [Worker-45: Building] INFO  o.e.m.c.i.embedder.EclipseLogger - skip non existing resourceDirectory C:\Users\erick\OneDrive\햞ea de Trabalho\CC\LEDA roteiros\R10-02\R10-02-Rot-AVL-environment\src\main\resources
2021-09-24 10:33:58,814 [Worker-45: Building] WARN  o.e.m.c.i.embedder.EclipseLogger - Using platform encoding (Cp1252 actually) to copy filtered resources, i.e. build is platform dependent!
2021-09-24 10:33:58,814 [Worker-45: Building] INFO  o.e.m.c.i.embedder.EclipseLogger - skip non existing resourceDirectory C:\Users\erick\OneDrive\햞ea de Trabalho\CC\LEDA roteiros\R10-02\R10-02-Rot-AVL-environment\src\test\resources
2021-09-24 10:34:55,570 [Worker-54: Building] WARN  o.e.m.c.i.embedder.EclipseLogger - Using platform encoding (Cp1252 actually) to copy filtered resources, i.e. build is platform dependent!
2021-09-24 10:34:55,571 [Worker-54: Building] INFO  o.e.m.c.i.embedder.EclipseLogger - skip non existing resourceDirectory C:\Users\erick\OneDrive\햞ea de Trabalho\CC\LEDA roteiros\R10-02\R10-02-Rot-AVL-environment\src\main\resources
2021-09-24 10:34:55,572 [Worker-54: Building] WARN  o.e.m.c.i.embedder.EclipseLogger - Using platform encoding (Cp1252 actually) to copy filtered resources, i.e. build is platform dependent!
2021-09-24 10:34:55,573 [Worker-54: Building] INFO  o.e.m.c.i.embedder.EclipseLogger - skip non existing resourceDirectory C:\Users\erick\OneDrive\햞ea de Trabalho\CC\LEDA roteiros\R10-02\R10-02-Rot-AVL-environment\src\test\resources
2021-09-24 10:35:03,482 [Worker-54: Building] WARN  o.e.m.c.i.embedder.EclipseLogger - Using platform encoding (Cp1252 actually) to copy filtered resources, i.e. build is platform dependent!
2021-09-24 10:35:03,483 [Worker-54: Building] INFO  o.e.m.c.i.embedder.EclipseLogger - skip non existing resourceDirectory C:\Users\erick\OneDrive\햞ea de Trabalho\CC\LEDA roteiros\R10-02\R10-02-Rot-AVL-environment\src\main\resources
2021-09-24 10:35:03,483 [Worker-54: Building] WARN  o.e.m.c.i.embedder.EclipseLogger - Using platform encoding (Cp1252 actually) to copy filtered resources, i.e. build is platform dependent!
2021-09-24 10:35:03,484 [Worker-54: Building] INFO  o.e.m.c.i.embedder.EclipseLogger - skip non existing resourceDirectory C:\Users\erick\OneDrive\햞ea de Trabalho\CC\LEDA roteiros\R10-02\R10-02-Rot-AVL-environment\src\test\resources
2021-09-24 10:36:31,599 [Worker-52: Building] WARN  o.e.m.c.i.embedder.EclipseLogger - Using platform encoding (Cp1252 actually) to copy filtered resources, i.e. build is platform dependent!
2021-09-24 10:36:31,599 [Worker-52: Building] INFO  o.e.m.c.i.embedder.EclipseLogger - skip non existing resourceDirectory C:\Users\erick\OneDrive\햞ea de Trabalho\CC\LEDA roteiros\R10-02\R10-02-Rot-AVL-environment\src\main\resources
2021-09-24 10:36:31,600 [Worker-52: Building] WARN  o.e.m.c.i.embedder.EclipseLogger - Using platform encoding (Cp1252 actually) to copy filtered resources, i.e. build is platform dependent!
2021-09-24 10:36:31,601 [Worker-52: Building] INFO  o.e.m.c.i.embedder.EclipseLogger - skip non existing resourceDirectory C:\Users\erick\OneDrive\햞ea de Trabalho\CC\LEDA roteiros\R10-02\R10-02-Rot-AVL-environment\src\test\resources
2021-09-24 10:36:59,992 [Worker-52: Launching R10-02-Rot-AVL-environment] INFO  o.e.m.i.launch.MavenLaunchDelegate - C:\Users\erick\OneDrive\햞ea de Trabalho\CC\LEDA roteiros\R10-02\R10-02-Rot-AVL-environment
2021-09-24 10:36:59,994 [Worker-52: Launching R10-02-Rot-AVL-environment] INFO  o.e.m.i.launch.MavenLaunchDelegate -  mvn -B -Dmaven.test.skip=true -DskipTests install
